[debug] [2023-12-15T00:28:38.337Z] ----------------------------------------------------------------------
[debug] [2023-12-15T00:28:38.342Z] Command:       /opt/homebrew/Cellar/node/21.4.0/bin/node /opt/homebrew/bin/firebase deploy
[debug] [2023-12-15T00:28:38.342Z] CLI Version:   13.0.1
[debug] [2023-12-15T00:28:38.342Z] Platform:      darwin
[debug] [2023-12-15T00:28:38.342Z] Node Version:  v21.4.0
[debug] [2023-12-15T00:28:38.342Z] Time:          Thu Dec 14 2023 19:28:38 GMT-0500 (Eastern Standard Time)
[debug] [2023-12-15T00:28:38.343Z] ----------------------------------------------------------------------
[debug] 
[debug] [2023-12-15T00:28:38.377Z] > command requires scopes: ["email","openid","https://www.googleapis.com/auth/cloudplatformprojects.readonly","https://www.googleapis.com/auth/firebase","https://www.googleapis.com/auth/cloud-platform"]
[debug] [2023-12-15T00:28:38.377Z] > authorizing via signed-in user (rohinarya12@gmail.com)
[debug] [2023-12-15T00:28:38.377Z] [iam] checking project videoai-1 for permissions ["cloudfunctions.functions.create","cloudfunctions.functions.delete","cloudfunctions.functions.get","cloudfunctions.functions.list","cloudfunctions.functions.update","cloudfunctions.operations.get","datastore.indexes.create","datastore.indexes.delete","datastore.indexes.list","datastore.indexes.update","firebase.projects.get","firebaserules.releases.create","firebaserules.releases.update","firebaserules.rulesets.create"]
[debug] [2023-12-15T00:28:38.378Z] >>> [apiv2][query] POST https://cloudresourcemanager.googleapis.com/v1/projects/videoai-1:testIamPermissions [none]
[debug] [2023-12-15T00:28:38.378Z] >>> [apiv2][(partial)header] POST https://cloudresourcemanager.googleapis.com/v1/projects/videoai-1:testIamPermissions x-goog-quota-user=projects/videoai-1
[debug] [2023-12-15T00:28:38.378Z] >>> [apiv2][body] POST https://cloudresourcemanager.googleapis.com/v1/projects/videoai-1:testIamPermissions {"permissions":["cloudfunctions.functions.create","cloudfunctions.functions.delete","cloudfunctions.functions.get","cloudfunctions.functions.list","cloudfunctions.functions.update","cloudfunctions.operations.get","datastore.indexes.create","datastore.indexes.delete","datastore.indexes.list","datastore.indexes.update","firebase.projects.get","firebaserules.releases.create","firebaserules.releases.update","firebaserules.rulesets.create"]}
[debug] [2023-12-15T00:28:38.787Z] <<< [apiv2][status] POST https://cloudresourcemanager.googleapis.com/v1/projects/videoai-1:testIamPermissions 200
[debug] [2023-12-15T00:28:38.788Z] <<< [apiv2][body] POST https://cloudresourcemanager.googleapis.com/v1/projects/videoai-1:testIamPermissions {"permissions":["cloudfunctions.functions.create","cloudfunctions.functions.delete","cloudfunctions.functions.get","cloudfunctions.functions.list","cloudfunctions.functions.update","cloudfunctions.operations.get","datastore.indexes.create","datastore.indexes.delete","datastore.indexes.list","datastore.indexes.update","firebase.projects.get","firebaserules.releases.create","firebaserules.releases.update","firebaserules.rulesets.create"]}
[debug] [2023-12-15T00:28:38.788Z] >>> [apiv2][query] POST https://iam.googleapis.com/v1/projects/videoai-1/serviceAccounts/videoai-1@appspot.gserviceaccount.com:testIamPermissions [none]
[debug] [2023-12-15T00:28:38.788Z] >>> [apiv2][body] POST https://iam.googleapis.com/v1/projects/videoai-1/serviceAccounts/videoai-1@appspot.gserviceaccount.com:testIamPermissions {"permissions":["iam.serviceAccounts.actAs"]}
[debug] [2023-12-15T00:28:38.977Z] <<< [apiv2][status] POST https://iam.googleapis.com/v1/projects/videoai-1/serviceAccounts/videoai-1@appspot.gserviceaccount.com:testIamPermissions 200
[debug] [2023-12-15T00:28:38.978Z] <<< [apiv2][body] POST https://iam.googleapis.com/v1/projects/videoai-1/serviceAccounts/videoai-1@appspot.gserviceaccount.com:testIamPermissions {"permissions":["iam.serviceAccounts.actAs"]}
[info] 
[info] === Deploying to 'videoai-1'...
[info] 
[info] i  deploying storage, firestore, functions 
[info] Running command: npm --prefix "$RESOURCE_DIR" run build
[debug] [2023-12-15T00:28:46.194Z] ----------------------------------------------------------------------
[debug] [2023-12-15T00:28:46.196Z] Command:       /opt/homebrew/Cellar/node/21.4.0/bin/node /opt/homebrew/bin/firebase deploy
[debug] [2023-12-15T00:28:46.196Z] CLI Version:   13.0.1
[debug] [2023-12-15T00:28:46.196Z] Platform:      darwin
[debug] [2023-12-15T00:28:46.196Z] Node Version:  v21.4.0
[debug] [2023-12-15T00:28:46.196Z] Time:          Thu Dec 14 2023 19:28:46 GMT-0500 (Eastern Standard Time)
[debug] [2023-12-15T00:28:46.197Z] ----------------------------------------------------------------------
[debug] 
[debug] [2023-12-15T00:28:46.233Z] > command requires scopes: ["email","openid","https://www.googleapis.com/auth/cloudplatformprojects.readonly","https://www.googleapis.com/auth/firebase","https://www.googleapis.com/auth/cloud-platform"]
[debug] [2023-12-15T00:28:46.233Z] > authorizing via signed-in user (rohinarya12@gmail.com)
[debug] [2023-12-15T00:28:46.233Z] [iam] checking project videoai-1 for permissions ["cloudfunctions.functions.create","cloudfunctions.functions.delete","cloudfunctions.functions.get","cloudfunctions.functions.list","cloudfunctions.functions.update","cloudfunctions.operations.get","datastore.indexes.create","datastore.indexes.delete","datastore.indexes.list","datastore.indexes.update","firebase.projects.get","firebaserules.releases.create","firebaserules.releases.update","firebaserules.rulesets.create"]
[debug] [2023-12-15T00:28:46.234Z] >>> [apiv2][query] POST https://cloudresourcemanager.googleapis.com/v1/projects/videoai-1:testIamPermissions [none]
[debug] [2023-12-15T00:28:46.234Z] >>> [apiv2][(partial)header] POST https://cloudresourcemanager.googleapis.com/v1/projects/videoai-1:testIamPermissions x-goog-quota-user=projects/videoai-1
[debug] [2023-12-15T00:28:46.234Z] >>> [apiv2][body] POST https://cloudresourcemanager.googleapis.com/v1/projects/videoai-1:testIamPermissions {"permissions":["cloudfunctions.functions.create","cloudfunctions.functions.delete","cloudfunctions.functions.get","cloudfunctions.functions.list","cloudfunctions.functions.update","cloudfunctions.operations.get","datastore.indexes.create","datastore.indexes.delete","datastore.indexes.list","datastore.indexes.update","firebase.projects.get","firebaserules.releases.create","firebaserules.releases.update","firebaserules.rulesets.create"]}
[debug] [2023-12-15T00:28:46.635Z] <<< [apiv2][status] POST https://cloudresourcemanager.googleapis.com/v1/projects/videoai-1:testIamPermissions 200
[debug] [2023-12-15T00:28:46.635Z] <<< [apiv2][body] POST https://cloudresourcemanager.googleapis.com/v1/projects/videoai-1:testIamPermissions {"permissions":["cloudfunctions.functions.create","cloudfunctions.functions.delete","cloudfunctions.functions.get","cloudfunctions.functions.list","cloudfunctions.functions.update","cloudfunctions.operations.get","datastore.indexes.create","datastore.indexes.delete","datastore.indexes.list","datastore.indexes.update","firebase.projects.get","firebaserules.releases.create","firebaserules.releases.update","firebaserules.rulesets.create"]}
[debug] [2023-12-15T00:28:46.636Z] >>> [apiv2][query] POST https://iam.googleapis.com/v1/projects/videoai-1/serviceAccounts/videoai-1@appspot.gserviceaccount.com:testIamPermissions [none]
[debug] [2023-12-15T00:28:46.636Z] >>> [apiv2][body] POST https://iam.googleapis.com/v1/projects/videoai-1/serviceAccounts/videoai-1@appspot.gserviceaccount.com:testIamPermissions {"permissions":["iam.serviceAccounts.actAs"]}
[debug] [2023-12-15T00:28:46.876Z] <<< [apiv2][status] POST https://iam.googleapis.com/v1/projects/videoai-1/serviceAccounts/videoai-1@appspot.gserviceaccount.com:testIamPermissions 200
[debug] [2023-12-15T00:28:46.876Z] <<< [apiv2][body] POST https://iam.googleapis.com/v1/projects/videoai-1/serviceAccounts/videoai-1@appspot.gserviceaccount.com:testIamPermissions {"permissions":["iam.serviceAccounts.actAs"]}
[info] 
[info] === Deploying to 'videoai-1'...
[info] 
[info] i  deploying storage, firestore, functions 
[info] Running command: npm --prefix "$RESOURCE_DIR" run build
[info] ✔  functions: Finished running predeploy script. 
[info] i  storage: ensuring required API firebasestorage.googleapis.com is enabled... 
[debug] [2023-12-15T00:28:49.608Z] >>> [apiv2][query] GET https://serviceusage.googleapis.com/v1/projects/videoai-1/services/firebasestorage.googleapis.com [none]
[debug] [2023-12-15T00:28:49.608Z] >>> [apiv2][(partial)header] GET https://serviceusage.googleapis.com/v1/projects/videoai-1/services/firebasestorage.googleapis.com x-goog-quota-user=projects/videoai-1
[debug] [2023-12-15T00:28:50.013Z] <<< [apiv2][status] GET https://serviceusage.googleapis.com/v1/projects/videoai-1/services/firebasestorage.googleapis.com 200
[debug] [2023-12-15T00:28:50.013Z] <<< [apiv2][body] GET https://serviceusage.googleapis.com/v1/projects/videoai-1/services/firebasestorage.googleapis.com [omitted]
[info] ✔  storage: required API firebasestorage.googleapis.com is enabled 
[debug] [2023-12-15T00:28:50.014Z] >>> [apiv2][query] GET https://firebasestorage.googleapis.com/v1alpha/projects/videoai-1/defaultBucket [none]
[debug] [2023-12-15T00:28:50.447Z] <<< [apiv2][status] GET https://firebasestorage.googleapis.com/v1alpha/projects/videoai-1/defaultBucket 200
[debug] [2023-12-15T00:28:50.447Z] <<< [apiv2][body] GET https://firebasestorage.googleapis.com/v1alpha/projects/videoai-1/defaultBucket {"name":"projects/videoai-1/defaultBucket","location":"US","bucket":{"name":"projects/videoai-1/buckets/videoai-1.appspot.com"}}
[info] i  firebase.storage: checking storage.rules for compilation errors... 
[debug] [2023-12-15T00:28:50.451Z] >>> [apiv2][query] POST https://firebaserules.googleapis.com/v1/projects/videoai-1:test [none]
[debug] [2023-12-15T00:28:50.451Z] >>> [apiv2][body] POST https://firebaserules.googleapis.com/v1/projects/videoai-1:test [omitted]
[debug] [2023-12-15T00:28:50.852Z] <<< [apiv2][status] POST https://firebaserules.googleapis.com/v1/projects/videoai-1:test 200
[debug] [2023-12-15T00:28:50.852Z] <<< [apiv2][body] POST https://firebaserules.googleapis.com/v1/projects/videoai-1:test {}
[info] ✔  firebase.storage: rules file storage.rules compiled successfully 
[info] i  firestore: reading indexes from firestore.indexes.json... 
[info] i  cloud.firestore: checking firestore.rules for compilation errors... 
[debug] [2023-12-15T00:28:50.855Z] >>> [apiv2][query] POST https://firebaserules.googleapis.com/v1/projects/videoai-1:test [none]
[debug] [2023-12-15T00:28:50.855Z] >>> [apiv2][body] POST https://firebaserules.googleapis.com/v1/projects/videoai-1:test [omitted]
[debug] [2023-12-15T00:28:51.029Z] <<< [apiv2][status] POST https://firebaserules.googleapis.com/v1/projects/videoai-1:test 200
[debug] [2023-12-15T00:28:51.030Z] <<< [apiv2][body] POST https://firebaserules.googleapis.com/v1/projects/videoai-1:test {}
[info] ✔  cloud.firestore: rules file firestore.rules compiled successfully 
[debug] [2023-12-15T00:28:51.032Z] >>> [apiv2][query] GET https://firebase.googleapis.com/v1beta1/projects/videoai-1 [none]
[debug] [2023-12-15T00:28:51.406Z] <<< [apiv2][status] GET https://firebase.googleapis.com/v1beta1/projects/videoai-1 200
[debug] [2023-12-15T00:28:51.406Z] <<< [apiv2][body] GET https://firebase.googleapis.com/v1beta1/projects/videoai-1 {"projectId":"videoai-1","projectNumber":"329236993600","displayName":"VideoAI","name":"projects/videoai-1","resources":{"hostingSite":"videoai-1","storageBucket":"videoai-1.appspot.com","locationId":"us-central"},"state":"ACTIVE","etag":"1_dd83d40f-1b25-42c8-bd99-250da2640dfe"}
[info] i  functions: preparing codebase default for deployment 
[info] i  functions: ensuring required API cloudfunctions.googleapis.com is enabled... 
[info] i  functions: ensuring required API cloudbuild.googleapis.com is enabled... 
[info] i  artifactregistry: ensuring required API artifactregistry.googleapis.com is enabled... 
[debug] [2023-12-15T00:28:51.408Z] >>> [apiv2][query] GET https://serviceusage.googleapis.com/v1/projects/videoai-1/services/cloudfunctions.googleapis.com [none]
[debug] [2023-12-15T00:28:51.408Z] >>> [apiv2][(partial)header] GET https://serviceusage.googleapis.com/v1/projects/videoai-1/services/cloudfunctions.googleapis.com x-goog-quota-user=projects/videoai-1
[debug] [2023-12-15T00:28:51.409Z] >>> [apiv2][query] GET https://serviceusage.googleapis.com/v1/projects/videoai-1/services/runtimeconfig.googleapis.com [none]
[debug] [2023-12-15T00:28:51.409Z] >>> [apiv2][(partial)header] GET https://serviceusage.googleapis.com/v1/projects/videoai-1/services/runtimeconfig.googleapis.com x-goog-quota-user=projects/videoai-1
[debug] [2023-12-15T00:28:51.412Z] >>> [apiv2][query] GET https://serviceusage.googleapis.com/v1/projects/videoai-1/services/cloudbuild.googleapis.com [none]
[debug] [2023-12-15T00:28:51.412Z] >>> [apiv2][(partial)header] GET https://serviceusage.googleapis.com/v1/projects/videoai-1/services/cloudbuild.googleapis.com x-goog-quota-user=projects/videoai-1
[debug] [2023-12-15T00:28:51.414Z] >>> [apiv2][query] GET https://serviceusage.googleapis.com/v1/projects/videoai-1/services/artifactregistry.googleapis.com [none]
[debug] [2023-12-15T00:28:51.414Z] >>> [apiv2][(partial)header] GET https://serviceusage.googleapis.com/v1/projects/videoai-1/services/artifactregistry.googleapis.com x-goog-quota-user=projects/videoai-1
[debug] [2023-12-15T00:28:51.689Z] <<< [apiv2][status] GET https://serviceusage.googleapis.com/v1/projects/videoai-1/services/cloudfunctions.googleapis.com 200
[debug] [2023-12-15T00:28:51.689Z] <<< [apiv2][body] GET https://serviceusage.googleapis.com/v1/projects/videoai-1/services/cloudfunctions.googleapis.com [omitted]
[info] ✔  functions: required API cloudfunctions.googleapis.com is enabled 
[debug] [2023-12-15T00:28:51.766Z] <<< [apiv2][status] GET https://serviceusage.googleapis.com/v1/projects/videoai-1/services/cloudbuild.googleapis.com 200
[debug] [2023-12-15T00:28:51.766Z] <<< [apiv2][body] GET https://serviceusage.googleapis.com/v1/projects/videoai-1/services/cloudbuild.googleapis.com [omitted]
[info] ✔  functions: required API cloudbuild.googleapis.com is enabled 
[debug] [2023-12-15T00:28:51.773Z] <<< [apiv2][status] GET https://serviceusage.googleapis.com/v1/projects/videoai-1/services/artifactregistry.googleapis.com 200
[debug] [2023-12-15T00:28:51.773Z] <<< [apiv2][body] GET https://serviceusage.googleapis.com/v1/projects/videoai-1/services/artifactregistry.googleapis.com [omitted]
[info] ✔  artifactregistry: required API artifactregistry.googleapis.com is enabled 
[debug] [2023-12-15T00:28:51.779Z] <<< [apiv2][status] GET https://serviceusage.googleapis.com/v1/projects/videoai-1/services/runtimeconfig.googleapis.com 200
[debug] [2023-12-15T00:28:51.779Z] <<< [apiv2][body] GET https://serviceusage.googleapis.com/v1/projects/videoai-1/services/runtimeconfig.googleapis.com [omitted]
[debug] [2023-12-15T00:28:51.779Z] >>> [apiv2][query] GET https://firebase.googleapis.com/v1beta1/projects/videoai-1/adminSdkConfig [none]
[debug] [2023-12-15T00:28:52.211Z] <<< [apiv2][status] GET https://firebase.googleapis.com/v1beta1/projects/videoai-1/adminSdkConfig 200
[debug] [2023-12-15T00:28:52.211Z] <<< [apiv2][body] GET https://firebase.googleapis.com/v1beta1/projects/videoai-1/adminSdkConfig {"projectId":"videoai-1","storageBucket":"videoai-1.appspot.com","locationId":"us-central"}
[debug] [2023-12-15T00:28:52.212Z] >>> [apiv2][query] GET https://runtimeconfig.googleapis.com/v1beta1/projects/videoai-1/configs [none]
[debug] [2023-12-15T00:28:52.544Z] <<< [apiv2][status] GET https://runtimeconfig.googleapis.com/v1beta1/projects/videoai-1/configs 200
[debug] [2023-12-15T00:28:52.544Z] <<< [apiv2][body] GET https://runtimeconfig.googleapis.com/v1beta1/projects/videoai-1/configs {}
[debug] [2023-12-15T00:28:52.547Z] Validating nodejs source
[debug] [2023-12-15T00:28:52.929Z] > [functions] package.json contents: {
  "name": "functions",
  "scripts": {
    "build": "tsc",
    "build:watch": "tsc --watch",
    "serve": "npm run build && firebase emulators:start --only functions",
    "shell": "npm run build && firebase functions:shell",
    "start": "npm run shell",
    "deploy": "firebase deploy --only functions",
    "logs": "firebase functions:log"
  },
  "engines": {
    "node": "18"
  },
  "main": "lib/index.js",
  "dependencies": {
    "axios": "^1.6.2",
    "firebase-admin": "^11.8.0",
    "firebase-functions": "^4.3.1",
    "replicate": "^0.23.0",
    "replicate-api": "^0.4.4"
  },
  "devDependencies": {
    "firebase-functions-test": "^3.1.0",
    "typescript": "^4.9.0"
  },
  "private": true
}
[debug] [2023-12-15T00:28:52.929Z] Building nodejs source
[info] i  functions: Loading and analyzing source code for codebase default to determine what to deploy 
[debug] [2023-12-15T00:28:52.930Z] Could not find functions.yaml. Must use http discovery
[debug] [2023-12-15T00:28:52.934Z] Found firebase-functions binary at '/Users/rohin/GitHub/videoai/functions/node_modules/.bin/firebase-functions'
[info] Serving at port 8295

[error] (node:5275) [DEP0040] DeprecationWarning: The `punycode` module is deprecated. Please use a userland alternative instead.
(Use `node --trace-deprecation ...` to show where the warning was created)

[debug] [2023-12-15T00:28:53.198Z] Got response from /__/functions.yaml {"endpoints":{"onUserCreated":{"platform":"gcfv1","availableMemoryMb":null,"timeoutSeconds":null,"minInstances":null,"maxInstances":null,"ingressSettings":null,"serviceAccountEmail":null,"vpc":null,"eventTrigger":{"eventType":"providers/firebase.auth/eventTypes/user.create","eventFilters":{"resource":"projects/videoai-1"},"retry":false},"labels":{},"entryPoint":"onUserCreated"},"submitGeneration":{"platform":"gcfv2","availableMemoryMb":null,"timeoutSeconds":null,"minInstances":null,"maxInstances":null,"ingressSettings":null,"concurrency":null,"serviceAccountEmail":null,"vpc":null,"secretEnvironmentVariables":[{"key":"REPLICATE_KEY"}],"labels":{},"eventTrigger":{"eventType":"google.cloud.storage.object.v1.finalized","eventFilters":{"bucket":"videoai-1.appspot.com"},"retry":false},"entryPoint":"submitGeneration"},"setSmooth":{"availableMemoryMb":null,"timeoutSeconds":null,"minInstances":null,"maxInstances":null,"ingressSettings":null,"concurrency":null,"serviceAccountEmail":null,"vpc":null,"platform":"gcfv2","labels":{},"callableTrigger":{},"entryPoint":"setSmooth"},"onGenerationComplete":{"availableMemoryMb":null,"timeoutSeconds":null,"minInstances":null,"maxInstances":null,"ingressSettings":null,"concurrency":null,"serviceAccountEmail":null,"vpc":null,"platform":"gcfv2","labels":{},"httpsTrigger":{},"entryPoint":"onGenerationComplete"},"onPaymentSuccess":{"availableMemoryMb":null,"timeoutSeconds":null,"minInstances":null,"maxInstances":null,"ingressSettings":null,"concurrency":null,"serviceAccountEmail":null,"vpc":null,"platform":"gcfv2","labels":{},"httpsTrigger":{},"entryPoint":"onPaymentSuccess"}},"specVersion":"v1alpha1","requiredAPIs":[]}
[info] i  functions: preparing functions directory for uploading... 
[info] i  functions: packaged /Users/rohin/GitHub/videoai/functions (74.89 KB) for uploading 
[info] i  functions: packaged /Users/rohin/GitHub/videoai/functions (75.12 KB) for uploading 
[debug] [2023-12-15T00:28:58.276Z] >>> [apiv2][query] GET https://cloudfunctions.googleapis.com/v1/projects/videoai-1/locations/-/functions [none]
[debug] [2023-12-15T00:28:58.799Z] <<< [apiv2][status] GET https://cloudfunctions.googleapis.com/v1/projects/videoai-1/locations/-/functions 200
[debug] [2023-12-15T00:28:58.800Z] <<< [apiv2][body] GET https://cloudfunctions.googleapis.com/v1/projects/videoai-1/locations/-/functions {"functions":[{"name":"projects/videoai-1/locations/us-central1/functions/onUserCreated","eventTrigger":{"eventType":"providers/firebase.auth/eventTypes/user.create","resource":"projects/videoai-1","service":"firebaseauth.googleapis.com","failurePolicy":{}},"status":"ACTIVE","entryPoint":"onUserCreated","timeout":"60s","availableMemoryMb":256,"serviceAccountEmail":"videoai-1@appspot.gserviceaccount.com","updateTime":"2023-12-11T21:47:43.916Z","versionId":"20","labels":{"deployment-tool":"cli-firebase","firebase-functions-hash":"a36d57a6432152d1267ba0dc153a161240a04f81"},"sourceUploadUrl":"https://storage.googleapis.com/uploads-497783129841.us-central1.cloudfunctions.appspot.com/bc0bf70a-7c18-4c47-aa3b-35cc6ff0b307.zip","environmentVariables":{"FIREBASE_CONFIG":"{\"projectId\":\"videoai-1\",\"storageBucket\":\"videoai-1.appspot.com\",\"locationId\":\"us-central\"}","GCLOUD_PROJECT":"videoai-1","EVENTARC_CLOUD_EVENT_SOURCE":"projects/videoai-1/locations/us-central1/functions/onUserCreated"},"runtime":"nodejs18","maxInstances":3000,"ingressSettings":"ALLOW_ALL","buildId":"e32eff91-1d43-436f-821a-5e31cdaa4d3f","buildEnvironmentVariables":{"GOOGLE_NODE_RUN_SCRIPTS":""},"buildName":"projects/329236993600/locations/us-central1/builds/e32eff91-1d43-436f-821a-5e31cdaa4d3f","dockerRegistry":"ARTIFACT_REGISTRY","automaticUpdatePolicy":{}}]}
[debug] [2023-12-15T00:28:58.802Z] >>> [apiv2][query] GET https://cloudfunctions.googleapis.com/v2/projects/videoai-1/locations/-/functions filter=environment%3D%22GEN_2%22
[debug] [2023-12-15T00:28:59.276Z] <<< [apiv2][status] GET https://cloudfunctions.googleapis.com/v2/projects/videoai-1/locations/-/functions 200
[debug] [2023-12-15T00:28:59.276Z] <<< [apiv2][body] GET https://cloudfunctions.googleapis.com/v2/projects/videoai-1/locations/-/functions {"functions":[{"name":"projects/videoai-1/locations/us-central1/functions/onPaymentSuccess","buildConfig":{"build":"projects/329236993600/locations/us-central1/builds/50aef784-aa9c-4da4-afb4-d4b86784bb93","runtime":"nodejs18","entryPoint":"onPaymentSuccess","source":{"storageSource":{"bucket":"gcf-v2-sources-329236993600-us-central1","object":"onPaymentSuccess/function-source.zip","generation":"1702331246778601"}},"environmentVariables":{"GOOGLE_NODE_RUN_SCRIPTS":""},"sourceProvenance":{"resolvedStorageSource":{"bucket":"gcf-v2-sources-329236993600-us-central1","object":"onPaymentSuccess/function-source.zip","generation":"1702331246778601"}},"dockerRegistry":"ARTIFACT_REGISTRY"},"serviceConfig":{"service":"projects/videoai-1/locations/us-central1/services/onpaymentsuccess","timeoutSeconds":60,"environmentVariables":{"FIREBASE_CONFIG":"{\"projectId\":\"videoai-1\",\"storageBucket\":\"videoai-1.appspot.com\",\"locationId\":\"us-central\"}","GCLOUD_PROJECT":"videoai-1","EVENTARC_CLOUD_EVENT_SOURCE":"projects/videoai-1/locations/us-central1/services/onPaymentSuccess","FUNCTION_TARGET":"onPaymentSuccess","FUNCTION_SIGNATURE_TYPE":"http"},"maxInstanceCount":100,"ingressSettings":"ALLOW_ALL","uri":"https://onpaymentsuccess-j5kiq2vqqq-uc.a.run.app","serviceAccountEmail":"329236993600-compute@developer.gserviceaccount.com","availableMemory":"256Mi","allTrafficOnLatestRevision":true,"revision":"onpaymentsuccess-00009-ruq","maxInstanceRequestConcurrency":80,"availableCpu":"1"},"state":"ACTIVE","updateTime":"2023-12-11T21:47:44.135659186Z","labels":{"deployment-tool":"cli-firebase","firebase-functions-hash":"fc46e5b544440143e67d4de940cb5b361f4f644e"},"environment":"GEN_2","url":"https://us-central1-videoai-1.cloudfunctions.net/onPaymentSuccess"},{"name":"projects/videoai-1/locations/us-central1/functions/submitGeneration","buildConfig":{"build":"projects/329236993600/locations/us-central1/builds/50aef784-aa9c-4da4-afb4-d4b86784bb93","runtime":"nodejs18","entryPoint":"submitGeneration","source":{"storageSource":{"bucket":"gcf-v2-sources-329236993600-us-central1","object":"submitGeneration/function-source.zip","generation":"1702331209129142"}},"environmentVariables":{"GOOGLE_NODE_RUN_SCRIPTS":""},"sourceProvenance":{"resolvedStorageSource":{"bucket":"gcf-v2-sources-329236993600-us-central1","object":"submitGeneration/function-source.zip","generation":"1702331209129142"}},"dockerRegistry":"ARTIFACT_REGISTRY"},"serviceConfig":{"service":"projects/videoai-1/locations/us-central1/services/submitgeneration","timeoutSeconds":60,"environmentVariables":{"FIREBASE_CONFIG":"{\"projectId\":\"videoai-1\",\"storageBucket\":\"videoai-1.appspot.com\",\"locationId\":\"us-central\"}","GCLOUD_PROJECT":"videoai-1","EVENTARC_CLOUD_EVENT_SOURCE":"projects/videoai-1/locations/us-central1/services/submitGeneration","FUNCTION_SIGNATURE_TYPE":"cloudevent","FUNCTION_TARGET":"submitGeneration"},"maxInstanceCount":100,"ingressSettings":"ALLOW_ALL","uri":"https://submitgeneration-j5kiq2vqqq-uc.a.run.app","serviceAccountEmail":"329236993600-compute@developer.gserviceaccount.com","availableMemory":"256Mi","allTrafficOnLatestRevision":true,"secretEnvironmentVariables":[{"key":"REPLICATE_KEY","projectId":"videoai-1","secret":"REPLICATE_KEY","version":"1"}],"revision":"submitgeneration-00021-ruw","maxInstanceRequestConcurrency":80,"availableCpu":"1"},"eventTrigger":{"trigger":"projects/videoai-1/locations/us/triggers/submitgeneration-702404","triggerRegion":"us","eventType":"google.cloud.storage.object.v1.finalized","eventFilters":[{"attribute":"bucket","value":"videoai-1.appspot.com"}],"pubsubTopic":"projects/videoai-1/topics/eventarc-us-submitgeneration-702404-282","serviceAccountEmail":"329236993600-compute@developer.gserviceaccount.com","retryPolicy":"RETRY_POLICY_DO_NOT_RETRY"},"state":"ACTIVE","updateTime":"2023-12-11T21:47:38.152236577Z","labels":{"deployment-tool":"cli-firebase","firebase-functions-hash":"8ebd063d65cbf816222941c72b4deefff315e87a"},"environment":"GEN_2","url":"https://us-central1-videoai-1.cloudfunctions.net/submitGeneration"},{"name":"projects/videoai-1/locations/us-central1/functions/onGenerationComplete","buildConfig":{"build":"projects/329236993600/locations/us-central1/builds/50aef784-aa9c-4da4-afb4-d4b86784bb93","runtime":"nodejs18","entryPoint":"onGenerationComplete","source":{"storageSource":{"bucket":"gcf-v2-sources-329236993600-us-central1","object":"onGenerationComplete/function-source.zip","generation":"1702331246843936"}},"environmentVariables":{"GOOGLE_NODE_RUN_SCRIPTS":""},"sourceProvenance":{"resolvedStorageSource":{"bucket":"gcf-v2-sources-329236993600-us-central1","object":"onGenerationComplete/function-source.zip","generation":"1702331246843936"}},"dockerRegistry":"ARTIFACT_REGISTRY"},"serviceConfig":{"service":"projects/videoai-1/locations/us-central1/services/ongenerationcomplete","timeoutSeconds":60,"environmentVariables":{"FIREBASE_CONFIG":"{\"projectId\":\"videoai-1\",\"storageBucket\":\"videoai-1.appspot.com\",\"locationId\":\"us-central\"}","GCLOUD_PROJECT":"videoai-1","EVENTARC_CLOUD_EVENT_SOURCE":"projects/videoai-1/locations/us-central1/services/onGenerationComplete","FUNCTION_TARGET":"onGenerationComplete","FUNCTION_SIGNATURE_TYPE":"http"},"maxInstanceCount":100,"ingressSettings":"ALLOW_ALL","uri":"https://ongenerationcomplete-j5kiq2vqqq-uc.a.run.app","serviceAccountEmail":"329236993600-compute@developer.gserviceaccount.com","availableMemory":"256Mi","allTrafficOnLatestRevision":true,"revision":"ongenerationcomplete-00018-nav","maxInstanceRequestConcurrency":80,"availableCpu":"1"},"state":"ACTIVE","updateTime":"2023-12-11T21:47:46.166029073Z","labels":{"deployment-tool":"cli-firebase","firebase-functions-hash":"fc46e5b544440143e67d4de940cb5b361f4f644e"},"environment":"GEN_2","url":"https://us-central1-videoai-1.cloudfunctions.net/onGenerationComplete"},{"name":"projects/videoai-1/locations/us-central1/functions/setSmooth","buildConfig":{"build":"projects/329236993600/locations/us-central1/builds/50aef784-aa9c-4da4-afb4-d4b86784bb93","runtime":"nodejs18","entryPoint":"setSmooth","source":{"storageSource":{"bucket":"gcf-v2-sources-329236993600-us-central1","object":"setSmooth/function-source.zip","generation":"1702331246724980"}},"environmentVariables":{"GOOGLE_NODE_RUN_SCRIPTS":""},"sourceProvenance":{"resolvedStorageSource":{"bucket":"gcf-v2-sources-329236993600-us-central1","object":"setSmooth/function-source.zip","generation":"1702331246724980"}},"dockerRegistry":"ARTIFACT_REGISTRY"},"serviceConfig":{"service":"projects/videoai-1/locations/us-central1/services/setsmooth","timeoutSeconds":60,"environmentVariables":{"FIREBASE_CONFIG":"{\"projectId\":\"videoai-1\",\"storageBucket\":\"videoai-1.appspot.com\",\"locationId\":\"us-central\"}","GCLOUD_PROJECT":"videoai-1","EVENTARC_CLOUD_EVENT_SOURCE":"projects/videoai-1/locations/us-central1/services/setSmooth","FUNCTION_TARGET":"setSmooth","FUNCTION_SIGNATURE_TYPE":"http"},"maxInstanceCount":100,"ingressSettings":"ALLOW_ALL","uri":"https://setsmooth-j5kiq2vqqq-uc.a.run.app","serviceAccountEmail":"329236993600-compute@developer.gserviceaccount.com","availableMemory":"256Mi","allTrafficOnLatestRevision":true,"revision":"setsmooth-00002-haj","maxInstanceRequestConcurrency":80,"availableCpu":"1"},"state":"ACTIVE","updateTime":"2023-12-11T21:47:44.959461710Z","labels":{"deployment-tool":"cli-firebase","deployment-callable":"true","firebase-functions-hash":"fc46e5b544440143e67d4de940cb5b361f4f644e"},"environment":"GEN_2","url":"https://us-central1-videoai-1.cloudfunctions.net/setSmooth"}]}
[info] i  functions: ensuring required API run.googleapis.com is enabled... 
[info] i  functions: ensuring required API eventarc.googleapis.com is enabled... 
[info] i  functions: ensuring required API pubsub.googleapis.com is enabled... 
[info] i  functions: ensuring required API storage.googleapis.com is enabled... 
[debug] [2023-12-15T00:28:59.281Z] >>> [apiv2][query] GET https://serviceusage.googleapis.com/v1/projects/videoai-1/services/run.googleapis.com [none]
[debug] [2023-12-15T00:28:59.281Z] >>> [apiv2][(partial)header] GET https://serviceusage.googleapis.com/v1/projects/videoai-1/services/run.googleapis.com x-goog-quota-user=projects/videoai-1
[debug] [2023-12-15T00:28:59.284Z] >>> [apiv2][query] GET https://serviceusage.googleapis.com/v1/projects/videoai-1/services/eventarc.googleapis.com [none]
[debug] [2023-12-15T00:28:59.284Z] >>> [apiv2][(partial)header] GET https://serviceusage.googleapis.com/v1/projects/videoai-1/services/eventarc.googleapis.com x-goog-quota-user=projects/videoai-1
[debug] [2023-12-15T00:28:59.285Z] >>> [apiv2][query] GET https://serviceusage.googleapis.com/v1/projects/videoai-1/services/pubsub.googleapis.com [none]
[debug] [2023-12-15T00:28:59.285Z] >>> [apiv2][(partial)header] GET https://serviceusage.googleapis.com/v1/projects/videoai-1/services/pubsub.googleapis.com x-goog-quota-user=projects/videoai-1
[debug] [2023-12-15T00:28:59.287Z] >>> [apiv2][query] GET https://serviceusage.googleapis.com/v1/projects/videoai-1/services/storage.googleapis.com [none]
[debug] [2023-12-15T00:28:59.287Z] >>> [apiv2][(partial)header] GET https://serviceusage.googleapis.com/v1/projects/videoai-1/services/storage.googleapis.com x-goog-quota-user=projects/videoai-1
[debug] [2023-12-15T00:28:59.678Z] <<< [apiv2][status] GET https://serviceusage.googleapis.com/v1/projects/videoai-1/services/run.googleapis.com 200
[debug] [2023-12-15T00:28:59.678Z] <<< [apiv2][body] GET https://serviceusage.googleapis.com/v1/projects/videoai-1/services/run.googleapis.com [omitted]
[info] ✔  functions: required API run.googleapis.com is enabled 
[debug] [2023-12-15T00:28:59.679Z] <<< [apiv2][status] GET https://serviceusage.googleapis.com/v1/projects/videoai-1/services/eventarc.googleapis.com 200
[debug] [2023-12-15T00:28:59.679Z] <<< [apiv2][body] GET https://serviceusage.googleapis.com/v1/projects/videoai-1/services/eventarc.googleapis.com [omitted]
[info] ✔  functions: required API eventarc.googleapis.com is enabled 
[debug] [2023-12-15T00:28:59.680Z] <<< [apiv2][status] GET https://serviceusage.googleapis.com/v1/projects/videoai-1/services/pubsub.googleapis.com 200
[debug] [2023-12-15T00:28:59.680Z] <<< [apiv2][body] GET https://serviceusage.googleapis.com/v1/projects/videoai-1/services/pubsub.googleapis.com [omitted]
[info] ✔  functions: required API pubsub.googleapis.com is enabled 
[debug] [2023-12-15T00:28:59.680Z] <<< [apiv2][status] GET https://serviceusage.googleapis.com/v1/projects/videoai-1/services/storage.googleapis.com 200
[debug] [2023-12-15T00:28:59.680Z] <<< [apiv2][body] GET https://serviceusage.googleapis.com/v1/projects/videoai-1/services/storage.googleapis.com [omitted]
[info] ✔  functions: required API storage.googleapis.com is enabled 
[info] i  functions: generating the service identity for pubsub.googleapis.com... 
[info] i  functions: generating the service identity for eventarc.googleapis.com... 
[debug] [2023-12-15T00:28:59.681Z] >>> [apiv2][query] POST https://serviceusage.googleapis.com/v1beta1/projects/329236993600/services/pubsub.googleapis.com:generateServiceIdentity [none]
[debug] [2023-12-15T00:28:59.681Z] >>> [apiv2][query] POST https://serviceusage.googleapis.com/v1beta1/projects/329236993600/services/eventarc.googleapis.com:generateServiceIdentity [none]
[debug] [2023-12-15T00:29:00.196Z] <<< [apiv2][status] POST https://serviceusage.googleapis.com/v1beta1/projects/329236993600/services/eventarc.googleapis.com:generateServiceIdentity 200
[debug] [2023-12-15T00:29:00.197Z] <<< [apiv2][body] POST https://serviceusage.googleapis.com/v1beta1/projects/329236993600/services/eventarc.googleapis.com:generateServiceIdentity {"name":"operations/finished.DONE_OPERATION","done":true,"response":{"@type":"type.googleapis.com/google.api.serviceusage.v1beta1.ServiceIdentity","email":"service-329236993600@gcp-sa-eventarc.iam.gserviceaccount.com","uniqueId":"110763800834472841944"}}
[debug] [2023-12-15T00:29:00.348Z] <<< [apiv2][status] POST https://serviceusage.googleapis.com/v1beta1/projects/329236993600/services/pubsub.googleapis.com:generateServiceIdentity 200
[debug] [2023-12-15T00:29:00.349Z] <<< [apiv2][body] POST https://serviceusage.googleapis.com/v1beta1/projects/329236993600/services/pubsub.googleapis.com:generateServiceIdentity {"name":"operations/finished.DONE_OPERATION","done":true,"response":{"@type":"type.googleapis.com/google.api.serviceusage.v1beta1.ServiceIdentity","email":"service-329236993600@gcp-sa-pubsub.iam.gserviceaccount.com","uniqueId":"103448061243029780772"}}
[debug] [2023-12-15T00:29:00.351Z] >>> [apiv2][query] GET https://secretmanager.googleapis.com/v1/projects/videoai-1/secrets/REPLICATE_KEY/versions/latest [none]
[debug] [2023-12-15T00:29:00.588Z] <<< [apiv2][status] GET https://secretmanager.googleapis.com/v1/projects/videoai-1/secrets/REPLICATE_KEY/versions/latest 200
[debug] [2023-12-15T00:29:00.589Z] <<< [apiv2][body] GET https://secretmanager.googleapis.com/v1/projects/videoai-1/secrets/REPLICATE_KEY/versions/latest {"name":"projects/329236993600/secrets/REPLICATE_KEY/versions/1","createTime":"2023-12-08T19:44:32.539546Z","state":"ENABLED","replicationStatus":{"automatic":{}},"etag":"\"160c04d031039a\""}
[debug] [2023-12-15T00:29:00.589Z] Resolved secret version of REPLICATE_KEY to 1.
[debug] [2023-12-15T00:29:00.591Z] >>> [apiv2][query] GET https://firebase.googleapis.com/v1beta1/projects/videoai-1 [none]
[debug] [2023-12-15T00:29:00.997Z] <<< [apiv2][status] GET https://firebase.googleapis.com/v1beta1/projects/videoai-1 200
[debug] [2023-12-15T00:29:00.998Z] <<< [apiv2][body] GET https://firebase.googleapis.com/v1beta1/projects/videoai-1 {"projectId":"videoai-1","projectNumber":"329236993600","displayName":"VideoAI","name":"projects/videoai-1","resources":{"hostingSite":"videoai-1","storageBucket":"videoai-1.appspot.com","locationId":"us-central"},"state":"ACTIVE","etag":"1_dd83d40f-1b25-42c8-bd99-250da2640dfe"}
[debug] [2023-12-15T00:29:01.000Z] >>> [apiv2][query] GET https://firebaserules.googleapis.com/v1/projects/videoai-1/releases pageSize=10&pageToken=
[debug] [2023-12-15T00:29:01.244Z] <<< [apiv2][status] GET https://firebaserules.googleapis.com/v1/projects/videoai-1/releases 200
[debug] [2023-12-15T00:29:01.244Z] <<< [apiv2][body] GET https://firebaserules.googleapis.com/v1/projects/videoai-1/releases {"releases":[{"name":"projects/videoai-1/releases/cloud.firestore","rulesetName":"projects/videoai-1/rulesets/c22b156e-770a-4227-aec2-cd5f24788c3f","createTime":"2023-12-08T19:43:11.008342Z","updateTime":"2023-12-11T21:42:35.115222Z"},{"name":"projects/videoai-1/releases/firebase.storage/videoai-1.appspot.com","rulesetName":"projects/videoai-1/rulesets/1e5618d2-5462-4771-ab40-0ae5cfbf2784","createTime":"2023-12-08T19:43:53.258614Z","updateTime":"2023-12-11T00:10:13.723050Z"}]}
[debug] [2023-12-15T00:29:01.262Z] >>> [apiv2][query] GET https://firebaserules.googleapis.com/v1/projects/videoai-1/rulesets/1e5618d2-5462-4771-ab40-0ae5cfbf2784 [none]
[debug] [2023-12-15T00:29:01.432Z] <<< [apiv2][status] GET https://firebaserules.googleapis.com/v1/projects/videoai-1/rulesets/1e5618d2-5462-4771-ab40-0ae5cfbf2784 200
[debug] [2023-12-15T00:29:01.432Z] <<< [apiv2][body] GET https://firebaserules.googleapis.com/v1/projects/videoai-1/rulesets/1e5618d2-5462-4771-ab40-0ae5cfbf2784 [omitted]
[info] i  storage: latest version of storage.rules already up to date, skipping upload... 
[info] i  firestore: deploying indexes... 
[debug] [2023-12-15T00:29:01.437Z] >>> [apiv2][query] GET https://firebaserules.googleapis.com/v1/projects/videoai-1/releases pageSize=10&pageToken=
[debug] [2023-12-15T00:29:01.437Z] >>> [apiv2][query] GET https://firestore.googleapis.com/v1/projects/videoai-1/databases/(default)/collectionGroups/-/indexes [none]
[debug] [2023-12-15T00:29:01.614Z] <<< [apiv2][status] GET https://firebaserules.googleapis.com/v1/projects/videoai-1/releases 200
[debug] [2023-12-15T00:29:01.615Z] <<< [apiv2][body] GET https://firebaserules.googleapis.com/v1/projects/videoai-1/releases {"releases":[{"name":"projects/videoai-1/releases/cloud.firestore","rulesetName":"projects/videoai-1/rulesets/c22b156e-770a-4227-aec2-cd5f24788c3f","createTime":"2023-12-08T19:43:11.008342Z","updateTime":"2023-12-11T21:42:35.115222Z"},{"name":"projects/videoai-1/releases/firebase.storage/videoai-1.appspot.com","rulesetName":"projects/videoai-1/rulesets/1e5618d2-5462-4771-ab40-0ae5cfbf2784","createTime":"2023-12-08T19:43:53.258614Z","updateTime":"2023-12-11T00:10:13.723050Z"}]}
[debug] [2023-12-15T00:29:01.615Z] >>> [apiv2][query] GET https://firebaserules.googleapis.com/v1/projects/videoai-1/rulesets/c22b156e-770a-4227-aec2-cd5f24788c3f [none]
[debug] [2023-12-15T00:29:01.769Z] <<< [apiv2][status] GET https://firestore.googleapis.com/v1/projects/videoai-1/databases/(default)/collectionGroups/-/indexes 200
[debug] [2023-12-15T00:29:01.770Z] <<< [apiv2][body] GET https://firestore.googleapis.com/v1/projects/videoai-1/databases/(default)/collectionGroups/-/indexes {}
[debug] [2023-12-15T00:29:01.771Z] >>> [apiv2][query] GET https://firestore.googleapis.com/v1/projects/videoai-1/databases/(default)/collectionGroups/-/fields?filter=indexConfig.usesAncestorConfig=false OR ttlConfig:* [none]
[debug] [2023-12-15T00:29:01.788Z] <<< [apiv2][status] GET https://firebaserules.googleapis.com/v1/projects/videoai-1/rulesets/c22b156e-770a-4227-aec2-cd5f24788c3f 200
[debug] [2023-12-15T00:29:01.788Z] <<< [apiv2][body] GET https://firebaserules.googleapis.com/v1/projects/videoai-1/rulesets/c22b156e-770a-4227-aec2-cd5f24788c3f [omitted]
[info] i  firestore: latest version of firestore.rules already up to date, skipping upload... 
[debug] [2023-12-15T00:29:01.857Z] <<< [apiv2][status] GET https://firestore.googleapis.com/v1/projects/videoai-1/databases/(default)/collectionGroups/-/fields?filter=indexConfig.usesAncestorConfig=false OR ttlConfig:* 200
[debug] [2023-12-15T00:29:01.857Z] <<< [apiv2][body] GET https://firestore.googleapis.com/v1/projects/videoai-1/databases/(default)/collectionGroups/-/fields?filter=indexConfig.usesAncestorConfig=false OR ttlConfig:* {"fields":[{"name":"projects/videoai-1/databases/(default)/collectionGroups/__default__/fields/*","indexConfig":{"indexes":[{"queryScope":"COLLECTION","fields":[{"fieldPath":"*","order":"ASCENDING"}],"state":"READY"},{"queryScope":"COLLECTION","fields":[{"fieldPath":"*","order":"DESCENDING"}],"state":"READY"},{"queryScope":"COLLECTION","fields":[{"fieldPath":"*","arrayConfig":"CONTAINS"}],"state":"READY"}]}}]}
[info] ✔  firestore: deployed indexes in firestore.indexes.json successfully for (default) database 
[debug] [2023-12-15T00:29:01.858Z] >>> [apiv2][query] POST https://cloudfunctions.googleapis.com/v1/projects/videoai-1/locations/us-central1/functions:generateUploadUrl [none]
[debug] [2023-12-15T00:29:01.858Z] >>> [apiv2][body] POST https://cloudfunctions.googleapis.com/v1/projects/videoai-1/locations/us-central1/functions:generateUploadUrl {}
[debug] [2023-12-15T00:29:01.859Z] >>> [apiv2][query] POST https://cloudfunctions.googleapis.com/v2/projects/videoai-1/locations/us-central1/functions:generateUploadUrl [none]
[debug] [2023-12-15T00:29:02.296Z] <<< [apiv2][status] POST https://cloudfunctions.googleapis.com/v2/projects/videoai-1/locations/us-central1/functions:generateUploadUrl 200
[debug] [2023-12-15T00:29:02.296Z] <<< [apiv2][body] POST https://cloudfunctions.googleapis.com/v2/projects/videoai-1/locations/us-central1/functions:generateUploadUrl {"uploadUrl":"https://storage.googleapis.com/gcf-v2-uploads-329236993600-us-central1/91033d75-445b-4fe9-bacc-054437825338.zip?GoogleAccessId=service-329236993600@gcf-admin-robot.iam.gserviceaccount.com&Expires=1702601942&Signature=cI4XFffzkYm2lvDJwJgHBhTXad%2Fp4WNZ%2FYXze7A2gj5eF2LIuQC6pRr6PvkJZMeZRJLgw4777VMj71VOQm6eAj7fWfdLABVkaz6Lvf9f1n2lrWXTQ0LkkZha9a1r5eraV3Vl3K30laPmbo4oTdGyHZK0FlI%2F8Twj1kzc2huvdZvLwIuFe16qf%2F4Y4L%2BorPx8a%2FYFp6Wz043H7THeSFVwi%2Ft9rudnHJs5fFQWqwoVqSC4gPNRGddxE4JgpoOKIRGURTygP5xXyVFPFTr2YRyldrQ2BGuA%2FAlDCdW6wYHDMJROj7plu8Iud5Tu8MgO4B2FpX2ZwBzMTVWkPztuZP1ZDA%3D%3D","storageSource":{"bucket":"gcf-v2-uploads-329236993600-us-central1","object":"91033d75-445b-4fe9-bacc-054437825338.zip"}}
[debug] [2023-12-15T00:29:02.299Z] >>> [apiv2][query] PUT https://storage.googleapis.com/gcf-v2-uploads-329236993600-us-central1/91033d75-445b-4fe9-bacc-054437825338.zip GoogleAccessId=service-329236993600%40gcf-admin-robot.iam.gserviceaccount.com&Expires=1702601942&Signature=cI4XFffzkYm2lvDJwJgHBhTXad%2Fp4WNZ%2FYXze7A2gj5eF2LIuQC6pRr6PvkJZMeZRJLgw4777VMj71VOQm6eAj7fWfdLABVkaz6Lvf9f1n2lrWXTQ0LkkZha9a1r5eraV3Vl3K30laPmbo4oTdGyHZK0FlI%2F8Twj1kzc2huvdZvLwIuFe16qf%2F4Y4L%2BorPx8a%2FYFp6Wz043H7THeSFVwi%2Ft9rudnHJs5fFQWqwoVqSC4gPNRGddxE4JgpoOKIRGURTygP5xXyVFPFTr2YRyldrQ2BGuA%2FAlDCdW6wYHDMJROj7plu8Iud5Tu8MgO4B2FpX2ZwBzMTVWkPztuZP1ZDA%3D%3D
[debug] [2023-12-15T00:29:02.299Z] >>> [apiv2][body] PUT https://storage.googleapis.com/gcf-v2-uploads-329236993600-us-central1/91033d75-445b-4fe9-bacc-054437825338.zip [stream]
[debug] [2023-12-15T00:29:02.391Z] <<< [apiv2][status] POST https://cloudfunctions.googleapis.com/v1/projects/videoai-1/locations/us-central1/functions:generateUploadUrl 200
[debug] [2023-12-15T00:29:02.391Z] <<< [apiv2][body] POST https://cloudfunctions.googleapis.com/v1/projects/videoai-1/locations/us-central1/functions:generateUploadUrl {"uploadUrl":"https://storage.googleapis.com/uploads-497783129841.us-central1.cloudfunctions.appspot.com/6b639427-dbf0-4852-be5d-93a4b3f8ef71.zip?GoogleAccessId=service-329236993600@gcf-admin-robot.iam.gserviceaccount.com&Expires=1702601942&Signature=dfFAeIjLWvJzcGphERFsYvdK9uSmqUd%2FzsH9Uwa2Yzr9NMC6%2BEsO7jROwThpIbuV1Dx4K9jzfzoFnqS6doB8YfxZdlKBF9opZi6QXkJHbNWDHsQd9%2B1ghLcTeAtQKhzwb004ztYURJHgzX5tw77vpfz6%2FHB2So07KVkIvwJpjiyHZbpOQiz6y321HuZ8hZAfSH2HYQOHMkCLyNhPgVdSI%2BJV0Pmy6uISDsW%2FIQEmKKf8n8v1jw0OdAOgoJnPUPquthIs21G1B0RdVS5m9Drc1E%2FanJtrC2MJSbNNGkfdTfSbCaYG5Uihihgg6dANvpm8k6Jjpp9EWdDUounDMil%2FkQ%3D%3D"}
[debug] [2023-12-15T00:29:02.392Z] >>> [apiv2][query] PUT https://storage.googleapis.com/uploads-497783129841.us-central1.cloudfunctions.appspot.com/6b639427-dbf0-4852-be5d-93a4b3f8ef71.zip GoogleAccessId=service-329236993600%40gcf-admin-robot.iam.gserviceaccount.com&Expires=1702601942&Signature=dfFAeIjLWvJzcGphERFsYvdK9uSmqUd%2FzsH9Uwa2Yzr9NMC6%2BEsO7jROwThpIbuV1Dx4K9jzfzoFnqS6doB8YfxZdlKBF9opZi6QXkJHbNWDHsQd9%2B1ghLcTeAtQKhzwb004ztYURJHgzX5tw77vpfz6%2FHB2So07KVkIvwJpjiyHZbpOQiz6y321HuZ8hZAfSH2HYQOHMkCLyNhPgVdSI%2BJV0Pmy6uISDsW%2FIQEmKKf8n8v1jw0OdAOgoJnPUPquthIs21G1B0RdVS5m9Drc1E%2FanJtrC2MJSbNNGkfdTfSbCaYG5Uihihgg6dANvpm8k6Jjpp9EWdDUounDMil%2FkQ%3D%3D
[debug] [2023-12-15T00:29:02.392Z] >>> [apiv2][body] PUT https://storage.googleapis.com/uploads-497783129841.us-central1.cloudfunctions.appspot.com/6b639427-dbf0-4852-be5d-93a4b3f8ef71.zip [stream]
[debug] [2023-12-15T00:29:02.693Z] <<< [apiv2][status] PUT https://storage.googleapis.com/gcf-v2-uploads-329236993600-us-central1/91033d75-445b-4fe9-bacc-054437825338.zip 200
[debug] [2023-12-15T00:29:02.693Z] <<< [apiv2][body] PUT https://storage.googleapis.com/gcf-v2-uploads-329236993600-us-central1/91033d75-445b-4fe9-bacc-054437825338.zip [omitted]
[debug] [2023-12-15T00:29:02.818Z] <<< [apiv2][status] PUT https://storage.googleapis.com/uploads-497783129841.us-central1.cloudfunctions.appspot.com/6b639427-dbf0-4852-be5d-93a4b3f8ef71.zip 200
[debug] [2023-12-15T00:29:02.818Z] <<< [apiv2][body] PUT https://storage.googleapis.com/uploads-497783129841.us-central1.cloudfunctions.appspot.com/6b639427-dbf0-4852-be5d-93a4b3f8ef71.zip [omitted]
[info] ✔  functions: functions folder uploaded successfully 
[debug] [2023-12-15T00:29:02.820Z] [rules] releasing firebase.storage/videoai-1.appspot.com with ruleset projects/videoai-1/rulesets/1e5618d2-5462-4771-ab40-0ae5cfbf2784
[debug] [2023-12-15T00:29:02.820Z] >>> [apiv2][query] PATCH https://firebaserules.googleapis.com/v1/projects/videoai-1/releases/firebase.storage/videoai-1.appspot.com [none]
[debug] [2023-12-15T00:29:02.820Z] >>> [apiv2][body] PATCH https://firebaserules.googleapis.com/v1/projects/videoai-1/releases/firebase.storage/videoai-1.appspot.com {"release":{"name":"projects/videoai-1/releases/firebase.storage/videoai-1.appspot.com","rulesetName":"projects/videoai-1/rulesets/1e5618d2-5462-4771-ab40-0ae5cfbf2784"}}
[debug] [2023-12-15T00:29:03.149Z] <<< [apiv2][status] PATCH https://firebaserules.googleapis.com/v1/projects/videoai-1/releases/firebase.storage/videoai-1.appspot.com 200
[debug] [2023-12-15T00:29:03.150Z] <<< [apiv2][body] PATCH https://firebaserules.googleapis.com/v1/projects/videoai-1/releases/firebase.storage/videoai-1.appspot.com {"name":"projects/videoai-1/releases/firebase.storage/videoai-1.appspot.com","rulesetName":"projects/videoai-1/rulesets/1e5618d2-5462-4771-ab40-0ae5cfbf2784","createTime":"2023-12-08T19:43:53.258614Z","updateTime":"2023-12-15T00:29:03.128859Z"}
[debug] [2023-12-15T00:29:03.150Z] [rules] updated release projects/videoai-1/releases/firebase.storage/videoai-1.appspot.com
[info] ✔  storage: released rules storage.rules to firebase.storage 
[debug] [2023-12-15T00:29:03.151Z] [rules] releasing cloud.firestore/(default) with ruleset projects/videoai-1/rulesets/c22b156e-770a-4227-aec2-cd5f24788c3f
[debug] [2023-12-15T00:29:03.151Z] >>> [apiv2][query] PATCH https://firebaserules.googleapis.com/v1/projects/videoai-1/releases/cloud.firestore/(default) [none]
[debug] [2023-12-15T00:29:03.151Z] >>> [apiv2][body] PATCH https://firebaserules.googleapis.com/v1/projects/videoai-1/releases/cloud.firestore/(default) {"release":{"name":"projects/videoai-1/releases/cloud.firestore/(default)","rulesetName":"projects/videoai-1/rulesets/c22b156e-770a-4227-aec2-cd5f24788c3f"}}
[debug] [2023-12-15T00:29:03.475Z] <<< [apiv2][status] PATCH https://firebaserules.googleapis.com/v1/projects/videoai-1/releases/cloud.firestore/(default) 200
[debug] [2023-12-15T00:29:03.475Z] <<< [apiv2][body] PATCH https://firebaserules.googleapis.com/v1/projects/videoai-1/releases/cloud.firestore/(default) {"name":"projects/videoai-1/releases/cloud.firestore","rulesetName":"projects/videoai-1/rulesets/c22b156e-770a-4227-aec2-cd5f24788c3f","createTime":"2023-12-08T19:43:11.008342Z","updateTime":"2023-12-15T00:29:03.460537Z"}
[debug] [2023-12-15T00:29:03.475Z] [rules] updated release projects/videoai-1/releases/cloud.firestore
[info] ✔  firestore: released rules firestore.rules to cloud.firestore 
[info] i  functions: updating Node.js 18 (1st Gen) function onUserCreated(us-central1)... 
[info] i  functions: updating Node.js 18 (2nd Gen) function submitGeneration(us-central1)... 
[info] i  functions: updating Node.js 18 (2nd Gen) function setSmooth(us-central1)... 
[info] i  functions: updating Node.js 18 (2nd Gen) function onGenerationComplete(us-central1)... 
[info] i  functions: updating Node.js 18 (2nd Gen) function onPaymentSuccess(us-central1)... 
[debug] [2023-12-15T00:29:03.484Z] >>> [apiv2][query] PATCH https://cloudfunctions.googleapis.com/v1/projects/videoai-1/locations/us-central1/functions/onUserCreated updateMask=name%2CsourceUploadUrl%2CentryPoint%2Cruntime%2CdockerRegistry%2Clabels%2CeventTrigger.eventType%2CeventTrigger.resource%2CeventTrigger.failurePolicy%2CminInstances%2CmaxInstances%2CingressSettings%2CenvironmentVariables%2CserviceAccountEmail%2CavailableMemoryMb%2Ctimeout%2CvpcConnector%2CvpcConnectorEgressSettings%2CsourceToken%2CbuildEnvironmentVariables
[debug] [2023-12-15T00:29:03.484Z] >>> [apiv2][body] PATCH https://cloudfunctions.googleapis.com/v1/projects/videoai-1/locations/us-central1/functions/onUserCreated {"name":"projects/videoai-1/locations/us-central1/functions/onUserCreated","sourceUploadUrl":"https://storage.googleapis.com/uploads-497783129841.us-central1.cloudfunctions.appspot.com/6b639427-dbf0-4852-be5d-93a4b3f8ef71.zip?GoogleAccessId=service-329236993600@gcf-admin-robot.iam.gserviceaccount.com&Expires=1702601942&Signature=dfFAeIjLWvJzcGphERFsYvdK9uSmqUd%2FzsH9Uwa2Yzr9NMC6%2BEsO7jROwThpIbuV1Dx4K9jzfzoFnqS6doB8YfxZdlKBF9opZi6QXkJHbNWDHsQd9%2B1ghLcTeAtQKhzwb004ztYURJHgzX5tw77vpfz6%2FHB2So07KVkIvwJpjiyHZbpOQiz6y321HuZ8hZAfSH2HYQOHMkCLyNhPgVdSI%2BJV0Pmy6uISDsW%2FIQEmKKf8n8v1jw0OdAOgoJnPUPquthIs21G1B0RdVS5m9Drc1E%2FanJtrC2MJSbNNGkfdTfSbCaYG5Uihihgg6dANvpm8k6Jjpp9EWdDUounDMil%2FkQ%3D%3D","entryPoint":"onUserCreated","runtime":"nodejs18","dockerRegistry":"ARTIFACT_REGISTRY","labels":{"deployment-tool":"cli-firebase","firebase-functions-hash":"52fd18a7fe0d81035faefe3ca69b8885e0bbdc37"},"eventTrigger":{"eventType":"providers/firebase.auth/eventTypes/user.create","resource":"projects/videoai-1"},"minInstances":null,"maxInstances":null,"ingressSettings":null,"environmentVariables":{"FIREBASE_CONFIG":"{\"projectId\":\"videoai-1\",\"storageBucket\":\"videoai-1.appspot.com\",\"locationId\":\"us-central\"}","GCLOUD_PROJECT":"videoai-1","EVENTARC_CLOUD_EVENT_SOURCE":"projects/videoai-1/locations/us-central1/functions/onUserCreated"},"serviceAccountEmail":null,"availableMemoryMb":null,"timeout":null,"vpcConnector":null,"vpcConnectorEgressSettings":null,"buildEnvironmentVariables":{"GOOGLE_NODE_RUN_SCRIPTS":""}}
[debug] [2023-12-15T00:29:03.484Z] >>> [apiv2][query] PATCH https://cloudfunctions.googleapis.com/v2/projects/videoai-1/locations/us-central1/functions/submitGeneration updateMask=name%2CbuildConfig.runtime%2CbuildConfig.entryPoint%2CbuildConfig.source.storageSource.bucket%2CbuildConfig.source.storageSource.object%2CbuildConfig.environmentVariables%2CbuildConfig.sourceToken%2CserviceConfig.environmentVariables%2CserviceConfig.secretEnvironmentVariables%2CserviceConfig.ingressSettings%2CserviceConfig.timeoutSeconds%2CserviceConfig.serviceAccountEmail%2CserviceConfig.availableMemory%2CserviceConfig.minInstanceCount%2CserviceConfig.maxInstanceCount%2CserviceConfig.maxInstanceRequestConcurrency%2CserviceConfig.availableCpu%2CserviceConfig.vpcConnector%2CserviceConfig.vpcConnectorEgressSettings%2Clabels%2CeventTrigger.eventType%2CeventTrigger.retryPolicy%2CeventTrigger.eventFilters%2CeventTrigger.triggerRegion%2CbuildConfig.buildEnvironmentVariables
[debug] [2023-12-15T00:29:03.484Z] >>> [apiv2][body] PATCH https://cloudfunctions.googleapis.com/v2/projects/videoai-1/locations/us-central1/functions/submitGeneration {"name":"projects/videoai-1/locations/us-central1/functions/submitGeneration","buildConfig":{"runtime":"nodejs18","entryPoint":"submitGeneration","source":{"storageSource":{"bucket":"gcf-v2-uploads-329236993600-us-central1","object":"91033d75-445b-4fe9-bacc-054437825338.zip"}},"environmentVariables":{"GOOGLE_NODE_RUN_SCRIPTS":""}},"serviceConfig":{"environmentVariables":{"FIREBASE_CONFIG":"{\"projectId\":\"videoai-1\",\"storageBucket\":\"videoai-1.appspot.com\",\"locationId\":\"us-central\"}","GCLOUD_PROJECT":"videoai-1","EVENTARC_CLOUD_EVENT_SOURCE":"projects/videoai-1/locations/us-central1/services/submitGeneration","FUNCTION_SIGNATURE_TYPE":"cloudevent","FUNCTION_TARGET":"submitGeneration"},"secretEnvironmentVariables":[{"key":"REPLICATE_KEY","secret":"REPLICATE_KEY","projectId":"videoai-1","version":"1"}],"ingressSettings":null,"timeoutSeconds":null,"serviceAccountEmail":null,"availableMemory":"256Mi","minInstanceCount":null,"maxInstanceCount":null,"maxInstanceRequestConcurrency":80,"availableCpu":"1","vpcConnector":null,"vpcConnectorEgressSettings":null},"labels":{"deployment-tool":"cli-firebase","firebase-functions-hash":"c43d15714b2ed42739db22141e02130766263217"},"eventTrigger":{"eventType":"google.cloud.storage.object.v1.finalized","retryPolicy":"RETRY_POLICY_DO_NOT_RETRY","eventFilters":[{"attribute":"bucket","value":"videoai-1.appspot.com"}],"triggerRegion":"us"}}
[debug] [2023-12-15T00:29:03.952Z] <<< [apiv2][status] PATCH https://cloudfunctions.googleapis.com/v1/projects/videoai-1/locations/us-central1/functions/onUserCreated 200
[debug] [2023-12-15T00:29:03.953Z] <<< [apiv2][body] PATCH https://cloudfunctions.googleapis.com/v1/projects/videoai-1/locations/us-central1/functions/onUserCreated {"name":"operations/dmlkZW9haS0xL3VzLWNlbnRyYWwxL29uVXNlckNyZWF0ZWQvczBTRHczLUswUEU","metadata":{"@type":"type.googleapis.com/google.cloud.functions.v1.OperationMetadataV1","target":"projects/videoai-1/locations/us-central1/functions/onUserCreated","type":"UPDATE_FUNCTION","request":{"@type":"type.googleapis.com/google.cloud.functions.v1.CloudFunction","name":"projects/videoai-1/locations/us-central1/functions/onUserCreated","eventTrigger":{"eventType":"providers/firebase.auth/eventTypes/user.create","resource":"projects/videoai-1","service":"firebaseauth.googleapis.com"},"status":"ACTIVE","entryPoint":"onUserCreated","updateTime":"2023-12-11T21:47:43.916Z","versionId":"20","labels":{"deployment-tool":"cli-firebase","firebase-functions-hash":"52fd18a7fe0d81035faefe3ca69b8885e0bbdc37"},"sourceUploadUrl":"https://storage.googleapis.com/uploads-497783129841.us-central1.cloudfunctions.appspot.com/6b639427-dbf0-4852-be5d-93a4b3f8ef71.zip?GoogleAccessId=service-329236993600@gcf-admin-robot.iam.gserviceaccount.com&Expires=1702601942&Signature=dfFAeIjLWvJzcGphERFsYvdK9uSmqUd%2FzsH9Uwa2Yzr9NMC6%2BEsO7jROwThpIbuV1Dx4K9jzfzoFnqS6doB8YfxZdlKBF9opZi6QXkJHbNWDHsQd9%2B1ghLcTeAtQKhzwb004ztYURJHgzX5tw77vpfz6%2FHB2So07KVkIvwJpjiyHZbpOQiz6y321HuZ8hZAfSH2HYQOHMkCLyNhPgVdSI%2BJV0Pmy6uISDsW%2FIQEmKKf8n8v1jw0OdAOgoJnPUPquthIs21G1B0RdVS5m9Drc1E%2FanJtrC2MJSbNNGkfdTfSbCaYG5Uihihgg6dANvpm8k6Jjpp9EWdDUounDMil%2FkQ%3D%3D","environmentVariables":{"FIREBASE_CONFIG":"{\"projectId\":\"videoai-1\",\"storageBucket\":\"videoai-1.appspot.com\",\"locationId\":\"us-central\"}","GCLOUD_PROJECT":"videoai-1","EVENTARC_CLOUD_EVENT_SOURCE":"projects/videoai-1/locations/us-central1/functions/onUserCreated"},"runtime":"nodejs18","buildId":"e32eff91-1d43-436f-821a-5e31cdaa4d3f","buildEnvironmentVariables":{"GOOGLE_NODE_RUN_SCRIPTS":""},"buildName":"projects/329236993600/locations/us-central1/builds/e32eff91-1d43-436f-821a-5e31cdaa4d3f","dockerRegistry":"ARTIFACT_REGISTRY","automaticUpdatePolicy":{}},"versionId":"21","updateTime":"2023-12-15T00:29:03Z"}}
[debug] [2023-12-15T00:29:03.954Z] >>> [apiv2][query] GET https://cloudfunctions.googleapis.com/v1/operations/dmlkZW9haS0xL3VzLWNlbnRyYWwxL29uVXNlckNyZWF0ZWQvczBTRHczLUswUEU [none]
[debug] [2023-12-15T00:29:04.069Z] <<< [apiv2][status] GET https://cloudfunctions.googleapis.com/v1/operations/dmlkZW9haS0xL3VzLWNlbnRyYWwxL29uVXNlckNyZWF0ZWQvczBTRHczLUswUEU 200
[debug] [2023-12-15T00:29:04.070Z] <<< [apiv2][body] GET https://cloudfunctions.googleapis.com/v1/operations/dmlkZW9haS0xL3VzLWNlbnRyYWwxL29uVXNlckNyZWF0ZWQvczBTRHczLUswUEU {"name":"operations/dmlkZW9haS0xL3VzLWNlbnRyYWwxL29uVXNlckNyZWF0ZWQvczBTRHczLUswUEU","metadata":{"@type":"type.googleapis.com/google.cloud.functions.v1.OperationMetadataV1","target":"projects/videoai-1/locations/us-central1/functions/onUserCreated","type":"UPDATE_FUNCTION","request":{"@type":"type.googleapis.com/google.cloud.functions.v1.CloudFunction","name":"projects/videoai-1/locations/us-central1/functions/onUserCreated","eventTrigger":{"eventType":"providers/firebase.auth/eventTypes/user.create","resource":"projects/videoai-1","service":"firebaseauth.googleapis.com"},"status":"ACTIVE","entryPoint":"onUserCreated","updateTime":"2023-12-11T21:47:43.916Z","versionId":"20","labels":{"deployment-tool":"cli-firebase","firebase-functions-hash":"52fd18a7fe0d81035faefe3ca69b8885e0bbdc37"},"sourceUploadUrl":"https://storage.googleapis.com/uploads-497783129841.us-central1.cloudfunctions.appspot.com/6b639427-dbf0-4852-be5d-93a4b3f8ef71.zip?GoogleAccessId=service-329236993600@gcf-admin-robot.iam.gserviceaccount.com&Expires=1702601942&Signature=dfFAeIjLWvJzcGphERFsYvdK9uSmqUd%2FzsH9Uwa2Yzr9NMC6%2BEsO7jROwThpIbuV1Dx4K9jzfzoFnqS6doB8YfxZdlKBF9opZi6QXkJHbNWDHsQd9%2B1ghLcTeAtQKhzwb004ztYURJHgzX5tw77vpfz6%2FHB2So07KVkIvwJpjiyHZbpOQiz6y321HuZ8hZAfSH2HYQOHMkCLyNhPgVdSI%2BJV0Pmy6uISDsW%2FIQEmKKf8n8v1jw0OdAOgoJnPUPquthIs21G1B0RdVS5m9Drc1E%2FanJtrC2MJSbNNGkfdTfSbCaYG5Uihihgg6dANvpm8k6Jjpp9EWdDUounDMil%2FkQ%3D%3D","environmentVariables":{"FIREBASE_CONFIG":"{\"projectId\":\"videoai-1\",\"storageBucket\":\"videoai-1.appspot.com\",\"locationId\":\"us-central\"}","GCLOUD_PROJECT":"videoai-1","EVENTARC_CLOUD_EVENT_SOURCE":"projects/videoai-1/locations/us-central1/functions/onUserCreated"},"runtime":"nodejs18","buildId":"e32eff91-1d43-436f-821a-5e31cdaa4d3f","buildEnvironmentVariables":{"GOOGLE_NODE_RUN_SCRIPTS":""},"buildName":"projects/329236993600/locations/us-central1/builds/e32eff91-1d43-436f-821a-5e31cdaa4d3f","dockerRegistry":"ARTIFACT_REGISTRY","automaticUpdatePolicy":{}},"versionId":"21","updateTime":"2023-12-15T00:29:03Z"}}
[debug] [2023-12-15T00:29:04.572Z] [update-default-us-central1-onUserCreated] Retrying task index 0
[debug] [2023-12-15T00:29:04.573Z] >>> [apiv2][query] GET https://cloudfunctions.googleapis.com/v1/operations/dmlkZW9haS0xL3VzLWNlbnRyYWwxL29uVXNlckNyZWF0ZWQvczBTRHczLUswUEU [none]
[debug] [2023-12-15T00:29:04.715Z] <<< [apiv2][status] GET https://cloudfunctions.googleapis.com/v1/operations/dmlkZW9haS0xL3VzLWNlbnRyYWwxL29uVXNlckNyZWF0ZWQvczBTRHczLUswUEU 200
[debug] [2023-12-15T00:29:04.715Z] <<< [apiv2][body] GET https://cloudfunctions.googleapis.com/v1/operations/dmlkZW9haS0xL3VzLWNlbnRyYWwxL29uVXNlckNyZWF0ZWQvczBTRHczLUswUEU {"name":"operations/dmlkZW9haS0xL3VzLWNlbnRyYWwxL29uVXNlckNyZWF0ZWQvczBTRHczLUswUEU","metadata":{"@type":"type.googleapis.com/google.cloud.functions.v1.OperationMetadataV1","target":"projects/videoai-1/locations/us-central1/functions/onUserCreated","type":"UPDATE_FUNCTION","request":{"@type":"type.googleapis.com/google.cloud.functions.v1.CloudFunction","name":"projects/videoai-1/locations/us-central1/functions/onUserCreated","eventTrigger":{"eventType":"providers/firebase.auth/eventTypes/user.create","resource":"projects/videoai-1","service":"firebaseauth.googleapis.com"},"status":"ACTIVE","entryPoint":"onUserCreated","updateTime":"2023-12-11T21:47:43.916Z","versionId":"20","labels":{"deployment-tool":"cli-firebase","firebase-functions-hash":"52fd18a7fe0d81035faefe3ca69b8885e0bbdc37"},"sourceUploadUrl":"https://storage.googleapis.com/uploads-497783129841.us-central1.cloudfunctions.appspot.com/6b639427-dbf0-4852-be5d-93a4b3f8ef71.zip?GoogleAccessId=service-329236993600@gcf-admin-robot.iam.gserviceaccount.com&Expires=1702601942&Signature=dfFAeIjLWvJzcGphERFsYvdK9uSmqUd%2FzsH9Uwa2Yzr9NMC6%2BEsO7jROwThpIbuV1Dx4K9jzfzoFnqS6doB8YfxZdlKBF9opZi6QXkJHbNWDHsQd9%2B1ghLcTeAtQKhzwb004ztYURJHgzX5tw77vpfz6%2FHB2So07KVkIvwJpjiyHZbpOQiz6y321HuZ8hZAfSH2HYQOHMkCLyNhPgVdSI%2BJV0Pmy6uISDsW%2FIQEmKKf8n8v1jw0OdAOgoJnPUPquthIs21G1B0RdVS5m9Drc1E%2FanJtrC2MJSbNNGkfdTfSbCaYG5Uihihgg6dANvpm8k6Jjpp9EWdDUounDMil%2FkQ%3D%3D","environmentVariables":{"FIREBASE_CONFIG":"{\"projectId\":\"videoai-1\",\"storageBucket\":\"videoai-1.appspot.com\",\"locationId\":\"us-central\"}","GCLOUD_PROJECT":"videoai-1","EVENTARC_CLOUD_EVENT_SOURCE":"projects/videoai-1/locations/us-central1/functions/onUserCreated"},"runtime":"nodejs18","buildId":"e32eff91-1d43-436f-821a-5e31cdaa4d3f","buildEnvironmentVariables":{"GOOGLE_NODE_RUN_SCRIPTS":""},"buildName":"projects/329236993600/locations/us-central1/builds/e32eff91-1d43-436f-821a-5e31cdaa4d3f","dockerRegistry":"ARTIFACT_REGISTRY","automaticUpdatePolicy":{}},"versionId":"21","updateTime":"2023-12-15T00:29:04Z"}}
[debug] [2023-12-15T00:29:05.226Z] <<< [apiv2][status] PATCH https://cloudfunctions.googleapis.com/v2/projects/videoai-1/locations/us-central1/functions/submitGeneration 200
[debug] [2023-12-15T00:29:05.226Z] <<< [apiv2][body] PATCH https://cloudfunctions.googleapis.com/v2/projects/videoai-1/locations/us-central1/functions/submitGeneration {"name":"projects/videoai-1/locations/us-central1/operations/operation-1702600143724-60c817cc2deca-cc5866dc-4e816720","metadata":{"@type":"type.googleapis.com/google.cloud.functions.v2.OperationMetadata","createTime":"2023-12-15T00:29:05.171043122Z","target":"projects/videoai-1/locations/us-central1/functions/submitGeneration","verb":"update","cancelRequested":false,"apiVersion":"v2"},"done":false}
[debug] [2023-12-15T00:29:05.227Z] >>> [apiv2][query] GET https://cloudfunctions.googleapis.com/v2/projects/videoai-1/locations/us-central1/operations/operation-1702600143724-60c817cc2deca-cc5866dc-4e816720 [none]
[debug] [2023-12-15T00:29:05.442Z] <<< [apiv2][status] GET https://cloudfunctions.googleapis.com/v2/projects/videoai-1/locations/us-central1/operations/operation-1702600143724-60c817cc2deca-cc5866dc-4e816720 200
[debug] [2023-12-15T00:29:05.442Z] <<< [apiv2][body] GET https://cloudfunctions.googleapis.com/v2/projects/videoai-1/locations/us-central1/operations/operation-1702600143724-60c817cc2deca-cc5866dc-4e816720 {"name":"projects/videoai-1/locations/us-central1/operations/operation-1702600143724-60c817cc2deca-cc5866dc-4e816720","metadata":{"@type":"type.googleapis.com/google.cloud.functions.v2.OperationMetadata","createTime":"2023-12-15T00:29:05.171043122Z","target":"projects/videoai-1/locations/us-central1/functions/submitGeneration","verb":"update","cancelRequested":false,"apiVersion":"v2","requestResource":{"@type":"type.googleapis.com/google.cloud.functions.v2.Function","name":"projects/videoai-1/locations/us-central1/functions/submitGeneration","buildConfig":{"runtime":"nodejs18","entryPoint":"submitGeneration","source":{"storageSource":{"bucket":"gcf-v2-sources-329236993600-us-central1","object":"submitGeneration/function-source.zip","generation":"1702600145118645"}},"environmentVariables":{"GOOGLE_NODE_RUN_SCRIPTS":""},"sourceProvenance":{"resolvedStorageSource":{"bucket":"gcf-v2-sources-329236993600-us-central1","object":"submitGeneration/function-source.zip","generation":"1702331209129142"}},"dockerRegistry":"ARTIFACT_REGISTRY"},"serviceConfig":{"service":"projects/videoai-1/locations/us-central1/services/submitgeneration","timeoutSeconds":60,"environmentVariables":{"FIREBASE_CONFIG":"{\"projectId\":\"videoai-1\",\"storageBucket\":\"videoai-1.appspot.com\",\"locationId\":\"us-central\"}","GCLOUD_PROJECT":"videoai-1","EVENTARC_CLOUD_EVENT_SOURCE":"projects/videoai-1/locations/us-central1/services/submitGeneration","FUNCTION_SIGNATURE_TYPE":"cloudevent","FUNCTION_TARGET":"submitGeneration"},"maxInstanceCount":100,"ingressSettings":"ALLOW_ALL","uri":"https://submitgeneration-j5kiq2vqqq-uc.a.run.app","serviceAccountEmail":"329236993600-compute@developer.gserviceaccount.com","availableMemory":"256Mi","allTrafficOnLatestRevision":true,"secretEnvironmentVariables":[{"key":"REPLICATE_KEY","projectId":"videoai-1","secret":"REPLICATE_KEY","version":"1"}],"revision":"submitgeneration-00021-ruw","maxInstanceRequestConcurrency":80,"availableCpu":"1"},"eventTrigger":{"trigger":"projects/videoai-1/locations/us/triggers/submitgeneration-702404","triggerRegion":"us","eventType":"google.cloud.storage.object.v1.finalized","eventFilters":[{"attribute":"bucket","value":"videoai-1.appspot.com"}],"pubsubTopic":"projects/videoai-1/topics/eventarc-us-submitgeneration-702404-282","serviceAccountEmail":"329236993600-compute@developer.gserviceaccount.com","retryPolicy":"RETRY_POLICY_DO_NOT_RETRY"},"state":"ACTIVE","labels":{"deployment-tool":"cli-firebase","firebase-functions-hash":"c43d15714b2ed42739db22141e02130766263217"},"environment":"GEN_2","url":"https://us-central1-videoai-1.cloudfunctions.net/submitGeneration"},"stages":[{"name":"BUILD","state":"NOT_STARTED"},{"name":"SERVICE","state":"NOT_STARTED"},{"name":"TRIGGER","state":"NOT_STARTED"}],"operationType":"UPDATE_FUNCTION"},"done":false}
[debug] [2023-12-15T00:29:05.717Z] [update-default-us-central1-onUserCreated] Retrying task index 0
[debug] [2023-12-15T00:29:05.717Z] >>> [apiv2][query] GET https://cloudfunctions.googleapis.com/v1/operations/dmlkZW9haS0xL3VzLWNlbnRyYWwxL29uVXNlckNyZWF0ZWQvczBTRHczLUswUEU [none]
[debug] [2023-12-15T00:29:05.944Z] [update-default-us-central1-submitGeneration] Retrying task index 0
[debug] [2023-12-15T00:29:05.945Z] >>> [apiv2][query] GET https://cloudfunctions.googleapis.com/v2/projects/videoai-1/locations/us-central1/operations/operation-1702600143724-60c817cc2deca-cc5866dc-4e816720 [none]
[debug] [2023-12-15T00:29:05.965Z] <<< [apiv2][status] GET https://cloudfunctions.googleapis.com/v1/operations/dmlkZW9haS0xL3VzLWNlbnRyYWwxL29uVXNlckNyZWF0ZWQvczBTRHczLUswUEU 200
[debug] [2023-12-15T00:29:05.965Z] <<< [apiv2][body] GET https://cloudfunctions.googleapis.com/v1/operations/dmlkZW9haS0xL3VzLWNlbnRyYWwxL29uVXNlckNyZWF0ZWQvczBTRHczLUswUEU {"name":"operations/dmlkZW9haS0xL3VzLWNlbnRyYWwxL29uVXNlckNyZWF0ZWQvczBTRHczLUswUEU","metadata":{"@type":"type.googleapis.com/google.cloud.functions.v1.OperationMetadataV1","target":"projects/videoai-1/locations/us-central1/functions/onUserCreated","type":"UPDATE_FUNCTION","request":{"@type":"type.googleapis.com/google.cloud.functions.v1.CloudFunction","name":"projects/videoai-1/locations/us-central1/functions/onUserCreated","eventTrigger":{"eventType":"providers/firebase.auth/eventTypes/user.create","resource":"projects/videoai-1","service":"firebaseauth.googleapis.com"},"status":"ACTIVE","entryPoint":"onUserCreated","updateTime":"2023-12-11T21:47:43.916Z","versionId":"20","labels":{"deployment-tool":"cli-firebase","firebase-functions-hash":"52fd18a7fe0d81035faefe3ca69b8885e0bbdc37"},"sourceUploadUrl":"https://storage.googleapis.com/uploads-497783129841.us-central1.cloudfunctions.appspot.com/6b639427-dbf0-4852-be5d-93a4b3f8ef71.zip?GoogleAccessId=service-329236993600@gcf-admin-robot.iam.gserviceaccount.com&Expires=1702601942&Signature=dfFAeIjLWvJzcGphERFsYvdK9uSmqUd%2FzsH9Uwa2Yzr9NMC6%2BEsO7jROwThpIbuV1Dx4K9jzfzoFnqS6doB8YfxZdlKBF9opZi6QXkJHbNWDHsQd9%2B1ghLcTeAtQKhzwb004ztYURJHgzX5tw77vpfz6%2FHB2So07KVkIvwJpjiyHZbpOQiz6y321HuZ8hZAfSH2HYQOHMkCLyNhPgVdSI%2BJV0Pmy6uISDsW%2FIQEmKKf8n8v1jw0OdAOgoJnPUPquthIs21G1B0RdVS5m9Drc1E%2FanJtrC2MJSbNNGkfdTfSbCaYG5Uihihgg6dANvpm8k6Jjpp9EWdDUounDMil%2FkQ%3D%3D","environmentVariables":{"FIREBASE_CONFIG":"{\"projectId\":\"videoai-1\",\"storageBucket\":\"videoai-1.appspot.com\",\"locationId\":\"us-central\"}","GCLOUD_PROJECT":"videoai-1","EVENTARC_CLOUD_EVENT_SOURCE":"projects/videoai-1/locations/us-central1/functions/onUserCreated"},"runtime":"nodejs18","buildId":"e32eff91-1d43-436f-821a-5e31cdaa4d3f","buildEnvironmentVariables":{"GOOGLE_NODE_RUN_SCRIPTS":""},"buildName":"projects/329236993600/locations/us-central1/builds/e32eff91-1d43-436f-821a-5e31cdaa4d3f","dockerRegistry":"ARTIFACT_REGISTRY","automaticUpdatePolicy":{}},"versionId":"21","updateTime":"2023-12-15T00:29:04Z","buildId":"60f556e3-5955-4432-a4a8-68a90e5a0b8b","buildName":"projects/329236993600/locations/us-central1/builds/60f556e3-5955-4432-a4a8-68a90e5a0b8b"}}
[debug] [2023-12-15T00:29:06.185Z] <<< [apiv2][status] GET https://cloudfunctions.googleapis.com/v2/projects/videoai-1/locations/us-central1/operations/operation-1702600143724-60c817cc2deca-cc5866dc-4e816720 200
[debug] [2023-12-15T00:29:06.185Z] <<< [apiv2][body] GET https://cloudfunctions.googleapis.com/v2/projects/videoai-1/locations/us-central1/operations/operation-1702600143724-60c817cc2deca-cc5866dc-4e816720 {"name":"projects/videoai-1/locations/us-central1/operations/operation-1702600143724-60c817cc2deca-cc5866dc-4e816720","metadata":{"@type":"type.googleapis.com/google.cloud.functions.v2.OperationMetadata","createTime":"2023-12-15T00:29:05.171043122Z","target":"projects/videoai-1/locations/us-central1/functions/submitGeneration","verb":"update","cancelRequested":false,"apiVersion":"v2","requestResource":{"@type":"type.googleapis.com/google.cloud.functions.v2.Function","name":"projects/videoai-1/locations/us-central1/functions/submitGeneration","buildConfig":{"runtime":"nodejs18","entryPoint":"submitGeneration","source":{"storageSource":{"bucket":"gcf-v2-sources-329236993600-us-central1","object":"submitGeneration/function-source.zip","generation":"1702600145118645"}},"environmentVariables":{"GOOGLE_NODE_RUN_SCRIPTS":""},"sourceProvenance":{"resolvedStorageSource":{"bucket":"gcf-v2-sources-329236993600-us-central1","object":"submitGeneration/function-source.zip","generation":"1702331209129142"}},"dockerRegistry":"ARTIFACT_REGISTRY"},"serviceConfig":{"service":"projects/videoai-1/locations/us-central1/services/submitgeneration","timeoutSeconds":60,"environmentVariables":{"FIREBASE_CONFIG":"{\"projectId\":\"videoai-1\",\"storageBucket\":\"videoai-1.appspot.com\",\"locationId\":\"us-central\"}","GCLOUD_PROJECT":"videoai-1","EVENTARC_CLOUD_EVENT_SOURCE":"projects/videoai-1/locations/us-central1/services/submitGeneration","FUNCTION_SIGNATURE_TYPE":"cloudevent","FUNCTION_TARGET":"submitGeneration"},"maxInstanceCount":100,"ingressSettings":"ALLOW_ALL","uri":"https://submitgeneration-j5kiq2vqqq-uc.a.run.app","serviceAccountEmail":"329236993600-compute@developer.gserviceaccount.com","availableMemory":"256Mi","allTrafficOnLatestRevision":true,"secretEnvironmentVariables":[{"key":"REPLICATE_KEY","projectId":"videoai-1","secret":"REPLICATE_KEY","version":"1"}],"revision":"submitgeneration-00021-ruw","maxInstanceRequestConcurrency":80,"availableCpu":"1"},"eventTrigger":{"trigger":"projects/videoai-1/locations/us/triggers/submitgeneration-702404","triggerRegion":"us","eventType":"google.cloud.storage.object.v1.finalized","eventFilters":[{"attribute":"bucket","value":"videoai-1.appspot.com"}],"pubsubTopic":"projects/videoai-1/topics/eventarc-us-submitgeneration-702404-282","serviceAccountEmail":"329236993600-compute@developer.gserviceaccount.com","retryPolicy":"RETRY_POLICY_DO_NOT_RETRY"},"state":"ACTIVE","labels":{"deployment-tool":"cli-firebase","firebase-functions-hash":"c43d15714b2ed42739db22141e02130766263217"},"environment":"GEN_2","url":"https://us-central1-videoai-1.cloudfunctions.net/submitGeneration"},"stages":[{"name":"BUILD","message":"Creating build","state":"IN_PROGRESS","resource":"projects/329236993600/locations/us-central1/builds/d6d90649-279d-45c6-aa44-d29b921a0387","resourceUri":"https://console.cloud.google.com/cloud-build/builds;region=us-central1/d6d90649-279d-45c6-aa44-d29b921a0387?project=329236993600"},{"name":"SERVICE","state":"NOT_STARTED"},{"name":"TRIGGER","state":"NOT_STARTED"}],"operationType":"UPDATE_FUNCTION"},"done":false}
[debug] [2023-12-15T00:29:07.187Z] [update-default-us-central1-submitGeneration] Retrying task index 0
[debug] [2023-12-15T00:29:07.189Z] >>> [apiv2][query] GET https://cloudfunctions.googleapis.com/v2/projects/videoai-1/locations/us-central1/operations/operation-1702600143724-60c817cc2deca-cc5866dc-4e816720 [none]
[debug] [2023-12-15T00:29:07.538Z] <<< [apiv2][status] GET https://cloudfunctions.googleapis.com/v2/projects/videoai-1/locations/us-central1/operations/operation-1702600143724-60c817cc2deca-cc5866dc-4e816720 200
[debug] [2023-12-15T00:29:07.538Z] <<< [apiv2][body] GET https://cloudfunctions.googleapis.com/v2/projects/videoai-1/locations/us-central1/operations/operation-1702600143724-60c817cc2deca-cc5866dc-4e816720 {"name":"projects/videoai-1/locations/us-central1/operations/operation-1702600143724-60c817cc2deca-cc5866dc-4e816720","metadata":{"@type":"type.googleapis.com/google.cloud.functions.v2.OperationMetadata","createTime":"2023-12-15T00:29:05.171043122Z","target":"projects/videoai-1/locations/us-central1/functions/submitGeneration","verb":"update","cancelRequested":false,"apiVersion":"v2","requestResource":{"@type":"type.googleapis.com/google.cloud.functions.v2.Function","name":"projects/videoai-1/locations/us-central1/functions/submitGeneration","buildConfig":{"runtime":"nodejs18","entryPoint":"submitGeneration","source":{"storageSource":{"bucket":"gcf-v2-sources-329236993600-us-central1","object":"submitGeneration/function-source.zip","generation":"1702600145118645"}},"environmentVariables":{"GOOGLE_NODE_RUN_SCRIPTS":""},"sourceProvenance":{"resolvedStorageSource":{"bucket":"gcf-v2-sources-329236993600-us-central1","object":"submitGeneration/function-source.zip","generation":"1702331209129142"}},"dockerRegistry":"ARTIFACT_REGISTRY"},"serviceConfig":{"service":"projects/videoai-1/locations/us-central1/services/submitgeneration","timeoutSeconds":60,"environmentVariables":{"FIREBASE_CONFIG":"{\"projectId\":\"videoai-1\",\"storageBucket\":\"videoai-1.appspot.com\",\"locationId\":\"us-central\"}","GCLOUD_PROJECT":"videoai-1","EVENTARC_CLOUD_EVENT_SOURCE":"projects/videoai-1/locations/us-central1/services/submitGeneration","FUNCTION_SIGNATURE_TYPE":"cloudevent","FUNCTION_TARGET":"submitGeneration"},"maxInstanceCount":100,"ingressSettings":"ALLOW_ALL","uri":"https://submitgeneration-j5kiq2vqqq-uc.a.run.app","serviceAccountEmail":"329236993600-compute@developer.gserviceaccount.com","availableMemory":"256Mi","allTrafficOnLatestRevision":true,"secretEnvironmentVariables":[{"key":"REPLICATE_KEY","projectId":"videoai-1","secret":"REPLICATE_KEY","version":"1"}],"revision":"submitgeneration-00021-ruw","maxInstanceRequestConcurrency":80,"availableCpu":"1"},"eventTrigger":{"trigger":"projects/videoai-1/locations/us/triggers/submitgeneration-702404","triggerRegion":"us","eventType":"google.cloud.storage.object.v1.finalized","eventFilters":[{"attribute":"bucket","value":"videoai-1.appspot.com"}],"pubsubTopic":"projects/videoai-1/topics/eventarc-us-submitgeneration-702404-282","serviceAccountEmail":"329236993600-compute@developer.gserviceaccount.com","retryPolicy":"RETRY_POLICY_DO_NOT_RETRY"},"state":"ACTIVE","labels":{"deployment-tool":"cli-firebase","firebase-functions-hash":"c43d15714b2ed42739db22141e02130766263217"},"environment":"GEN_2","url":"https://us-central1-videoai-1.cloudfunctions.net/submitGeneration"},"stages":[{"name":"BUILD","message":"Build in progress","state":"IN_PROGRESS","resource":"projects/329236993600/locations/us-central1/builds/d6d90649-279d-45c6-aa44-d29b921a0387","resourceUri":"https://console.cloud.google.com/cloud-build/builds;region=us-central1/d6d90649-279d-45c6-aa44-d29b921a0387?project=329236993600"},{"name":"SERVICE","state":"NOT_STARTED"},{"name":"TRIGGER","state":"NOT_STARTED"}],"operationType":"UPDATE_FUNCTION"},"done":false}
[debug] [2023-12-15T00:29:07.967Z] [update-default-us-central1-onUserCreated] Retrying task index 0
[debug] [2023-12-15T00:29:07.968Z] >>> [apiv2][query] GET https://cloudfunctions.googleapis.com/v1/operations/dmlkZW9haS0xL3VzLWNlbnRyYWwxL29uVXNlckNyZWF0ZWQvczBTRHczLUswUEU [none]
[debug] [2023-12-15T00:29:08.202Z] <<< [apiv2][status] GET https://cloudfunctions.googleapis.com/v1/operations/dmlkZW9haS0xL3VzLWNlbnRyYWwxL29uVXNlckNyZWF0ZWQvczBTRHczLUswUEU 200
[debug] [2023-12-15T00:29:08.202Z] <<< [apiv2][body] GET https://cloudfunctions.googleapis.com/v1/operations/dmlkZW9haS0xL3VzLWNlbnRyYWwxL29uVXNlckNyZWF0ZWQvczBTRHczLUswUEU {"name":"operations/dmlkZW9haS0xL3VzLWNlbnRyYWwxL29uVXNlckNyZWF0ZWQvczBTRHczLUswUEU","metadata":{"@type":"type.googleapis.com/google.cloud.functions.v1.OperationMetadataV1","target":"projects/videoai-1/locations/us-central1/functions/onUserCreated","type":"UPDATE_FUNCTION","request":{"@type":"type.googleapis.com/google.cloud.functions.v1.CloudFunction","name":"projects/videoai-1/locations/us-central1/functions/onUserCreated","eventTrigger":{"eventType":"providers/firebase.auth/eventTypes/user.create","resource":"projects/videoai-1","service":"firebaseauth.googleapis.com"},"status":"ACTIVE","entryPoint":"onUserCreated","updateTime":"2023-12-11T21:47:43.916Z","versionId":"20","labels":{"deployment-tool":"cli-firebase","firebase-functions-hash":"52fd18a7fe0d81035faefe3ca69b8885e0bbdc37"},"sourceUploadUrl":"https://storage.googleapis.com/uploads-497783129841.us-central1.cloudfunctions.appspot.com/6b639427-dbf0-4852-be5d-93a4b3f8ef71.zip?GoogleAccessId=service-329236993600@gcf-admin-robot.iam.gserviceaccount.com&Expires=1702601942&Signature=dfFAeIjLWvJzcGphERFsYvdK9uSmqUd%2FzsH9Uwa2Yzr9NMC6%2BEsO7jROwThpIbuV1Dx4K9jzfzoFnqS6doB8YfxZdlKBF9opZi6QXkJHbNWDHsQd9%2B1ghLcTeAtQKhzwb004ztYURJHgzX5tw77vpfz6%2FHB2So07KVkIvwJpjiyHZbpOQiz6y321HuZ8hZAfSH2HYQOHMkCLyNhPgVdSI%2BJV0Pmy6uISDsW%2FIQEmKKf8n8v1jw0OdAOgoJnPUPquthIs21G1B0RdVS5m9Drc1E%2FanJtrC2MJSbNNGkfdTfSbCaYG5Uihihgg6dANvpm8k6Jjpp9EWdDUounDMil%2FkQ%3D%3D","environmentVariables":{"FIREBASE_CONFIG":"{\"projectId\":\"videoai-1\",\"storageBucket\":\"videoai-1.appspot.com\",\"locationId\":\"us-central\"}","GCLOUD_PROJECT":"videoai-1","EVENTARC_CLOUD_EVENT_SOURCE":"projects/videoai-1/locations/us-central1/functions/onUserCreated"},"runtime":"nodejs18","buildId":"e32eff91-1d43-436f-821a-5e31cdaa4d3f","buildEnvironmentVariables":{"GOOGLE_NODE_RUN_SCRIPTS":""},"buildName":"projects/329236993600/locations/us-central1/builds/e32eff91-1d43-436f-821a-5e31cdaa4d3f","dockerRegistry":"ARTIFACT_REGISTRY","automaticUpdatePolicy":{}},"versionId":"21","updateTime":"2023-12-15T00:29:04Z","buildId":"60f556e3-5955-4432-a4a8-68a90e5a0b8b","buildName":"projects/329236993600/locations/us-central1/builds/60f556e3-5955-4432-a4a8-68a90e5a0b8b"}}
[debug] [2023-12-15T00:29:09.540Z] [update-default-us-central1-submitGeneration] Retrying task index 0
[debug] [2023-12-15T00:29:09.541Z] >>> [apiv2][query] GET https://cloudfunctions.googleapis.com/v2/projects/videoai-1/locations/us-central1/operations/operation-1702600143724-60c817cc2deca-cc5866dc-4e816720 [none]
[debug] [2023-12-15T00:29:09.886Z] <<< [apiv2][status] GET https://cloudfunctions.googleapis.com/v2/projects/videoai-1/locations/us-central1/operations/operation-1702600143724-60c817cc2deca-cc5866dc-4e816720 200
[debug] [2023-12-15T00:29:09.887Z] <<< [apiv2][body] GET https://cloudfunctions.googleapis.com/v2/projects/videoai-1/locations/us-central1/operations/operation-1702600143724-60c817cc2deca-cc5866dc-4e816720 {"name":"projects/videoai-1/locations/us-central1/operations/operation-1702600143724-60c817cc2deca-cc5866dc-4e816720","metadata":{"@type":"type.googleapis.com/google.cloud.functions.v2.OperationMetadata","createTime":"2023-12-15T00:29:05.171043122Z","target":"projects/videoai-1/locations/us-central1/functions/submitGeneration","verb":"update","cancelRequested":false,"apiVersion":"v2","requestResource":{"@type":"type.googleapis.com/google.cloud.functions.v2.Function","name":"projects/videoai-1/locations/us-central1/functions/submitGeneration","buildConfig":{"runtime":"nodejs18","entryPoint":"submitGeneration","source":{"storageSource":{"bucket":"gcf-v2-sources-329236993600-us-central1","object":"submitGeneration/function-source.zip","generation":"1702600145118645"}},"environmentVariables":{"GOOGLE_NODE_RUN_SCRIPTS":""},"sourceProvenance":{"resolvedStorageSource":{"bucket":"gcf-v2-sources-329236993600-us-central1","object":"submitGeneration/function-source.zip","generation":"1702331209129142"}},"dockerRegistry":"ARTIFACT_REGISTRY"},"serviceConfig":{"service":"projects/videoai-1/locations/us-central1/services/submitgeneration","timeoutSeconds":60,"environmentVariables":{"FIREBASE_CONFIG":"{\"projectId\":\"videoai-1\",\"storageBucket\":\"videoai-1.appspot.com\",\"locationId\":\"us-central\"}","GCLOUD_PROJECT":"videoai-1","EVENTARC_CLOUD_EVENT_SOURCE":"projects/videoai-1/locations/us-central1/services/submitGeneration","FUNCTION_SIGNATURE_TYPE":"cloudevent","FUNCTION_TARGET":"submitGeneration"},"maxInstanceCount":100,"ingressSettings":"ALLOW_ALL","uri":"https://submitgeneration-j5kiq2vqqq-uc.a.run.app","serviceAccountEmail":"329236993600-compute@developer.gserviceaccount.com","availableMemory":"256Mi","allTrafficOnLatestRevision":true,"secretEnvironmentVariables":[{"key":"REPLICATE_KEY","projectId":"videoai-1","secret":"REPLICATE_KEY","version":"1"}],"revision":"submitgeneration-00021-ruw","maxInstanceRequestConcurrency":80,"availableCpu":"1"},"eventTrigger":{"trigger":"projects/videoai-1/locations/us/triggers/submitgeneration-702404","triggerRegion":"us","eventType":"google.cloud.storage.object.v1.finalized","eventFilters":[{"attribute":"bucket","value":"videoai-1.appspot.com"}],"pubsubTopic":"projects/videoai-1/topics/eventarc-us-submitgeneration-702404-282","serviceAccountEmail":"329236993600-compute@developer.gserviceaccount.com","retryPolicy":"RETRY_POLICY_DO_NOT_RETRY"},"state":"ACTIVE","labels":{"deployment-tool":"cli-firebase","firebase-functions-hash":"c43d15714b2ed42739db22141e02130766263217"},"environment":"GEN_2","url":"https://us-central1-videoai-1.cloudfunctions.net/submitGeneration"},"stages":[{"name":"BUILD","message":"Build in progress","state":"IN_PROGRESS","resource":"projects/329236993600/locations/us-central1/builds/d6d90649-279d-45c6-aa44-d29b921a0387","resourceUri":"https://console.cloud.google.com/cloud-build/builds;region=us-central1/d6d90649-279d-45c6-aa44-d29b921a0387?project=329236993600"},{"name":"SERVICE","state":"NOT_STARTED"},{"name":"TRIGGER","state":"NOT_STARTED"}],"operationType":"UPDATE_FUNCTION"},"done":false}
[debug] [2023-12-15T00:29:12.204Z] [update-default-us-central1-onUserCreated] Retrying task index 0
[debug] [2023-12-15T00:29:12.205Z] >>> [apiv2][query] GET https://cloudfunctions.googleapis.com/v1/operations/dmlkZW9haS0xL3VzLWNlbnRyYWwxL29uVXNlckNyZWF0ZWQvczBTRHczLUswUEU [none]
[debug] [2023-12-15T00:29:12.349Z] <<< [apiv2][status] GET https://cloudfunctions.googleapis.com/v1/operations/dmlkZW9haS0xL3VzLWNlbnRyYWwxL29uVXNlckNyZWF0ZWQvczBTRHczLUswUEU 200
[debug] [2023-12-15T00:29:12.349Z] <<< [apiv2][body] GET https://cloudfunctions.googleapis.com/v1/operations/dmlkZW9haS0xL3VzLWNlbnRyYWwxL29uVXNlckNyZWF0ZWQvczBTRHczLUswUEU {"name":"operations/dmlkZW9haS0xL3VzLWNlbnRyYWwxL29uVXNlckNyZWF0ZWQvczBTRHczLUswUEU","metadata":{"@type":"type.googleapis.com/google.cloud.functions.v1.OperationMetadataV1","target":"projects/videoai-1/locations/us-central1/functions/onUserCreated","type":"UPDATE_FUNCTION","request":{"@type":"type.googleapis.com/google.cloud.functions.v1.CloudFunction","name":"projects/videoai-1/locations/us-central1/functions/onUserCreated","eventTrigger":{"eventType":"providers/firebase.auth/eventTypes/user.create","resource":"projects/videoai-1","service":"firebaseauth.googleapis.com"},"status":"ACTIVE","entryPoint":"onUserCreated","updateTime":"2023-12-11T21:47:43.916Z","versionId":"20","labels":{"deployment-tool":"cli-firebase","firebase-functions-hash":"52fd18a7fe0d81035faefe3ca69b8885e0bbdc37"},"sourceUploadUrl":"https://storage.googleapis.com/uploads-497783129841.us-central1.cloudfunctions.appspot.com/6b639427-dbf0-4852-be5d-93a4b3f8ef71.zip?GoogleAccessId=service-329236993600@gcf-admin-robot.iam.gserviceaccount.com&Expires=1702601942&Signature=dfFAeIjLWvJzcGphERFsYvdK9uSmqUd%2FzsH9Uwa2Yzr9NMC6%2BEsO7jROwThpIbuV1Dx4K9jzfzoFnqS6doB8YfxZdlKBF9opZi6QXkJHbNWDHsQd9%2B1ghLcTeAtQKhzwb004ztYURJHgzX5tw77vpfz6%2FHB2So07KVkIvwJpjiyHZbpOQiz6y321HuZ8hZAfSH2HYQOHMkCLyNhPgVdSI%2BJV0Pmy6uISDsW%2FIQEmKKf8n8v1jw0OdAOgoJnPUPquthIs21G1B0RdVS5m9Drc1E%2FanJtrC2MJSbNNGkfdTfSbCaYG5Uihihgg6dANvpm8k6Jjpp9EWdDUounDMil%2FkQ%3D%3D","environmentVariables":{"FIREBASE_CONFIG":"{\"projectId\":\"videoai-1\",\"storageBucket\":\"videoai-1.appspot.com\",\"locationId\":\"us-central\"}","GCLOUD_PROJECT":"videoai-1","EVENTARC_CLOUD_EVENT_SOURCE":"projects/videoai-1/locations/us-central1/functions/onUserCreated"},"runtime":"nodejs18","buildId":"e32eff91-1d43-436f-821a-5e31cdaa4d3f","buildEnvironmentVariables":{"GOOGLE_NODE_RUN_SCRIPTS":""},"buildName":"projects/329236993600/locations/us-central1/builds/e32eff91-1d43-436f-821a-5e31cdaa4d3f","dockerRegistry":"ARTIFACT_REGISTRY","automaticUpdatePolicy":{}},"versionId":"21","updateTime":"2023-12-15T00:29:04Z","buildId":"60f556e3-5955-4432-a4a8-68a90e5a0b8b","buildName":"projects/329236993600/locations/us-central1/builds/60f556e3-5955-4432-a4a8-68a90e5a0b8b"}}
[debug] [2023-12-15T00:29:13.888Z] [update-default-us-central1-submitGeneration] Retrying task index 0
[debug] [2023-12-15T00:29:13.889Z] >>> [apiv2][query] GET https://cloudfunctions.googleapis.com/v2/projects/videoai-1/locations/us-central1/operations/operation-1702600143724-60c817cc2deca-cc5866dc-4e816720 [none]
[debug] [2023-12-15T00:29:13.989Z] <<< [apiv2][status] GET https://cloudfunctions.googleapis.com/v2/projects/videoai-1/locations/us-central1/operations/operation-1702600143724-60c817cc2deca-cc5866dc-4e816720 200
[debug] [2023-12-15T00:29:13.989Z] <<< [apiv2][body] GET https://cloudfunctions.googleapis.com/v2/projects/videoai-1/locations/us-central1/operations/operation-1702600143724-60c817cc2deca-cc5866dc-4e816720 {"name":"projects/videoai-1/locations/us-central1/operations/operation-1702600143724-60c817cc2deca-cc5866dc-4e816720","metadata":{"@type":"type.googleapis.com/google.cloud.functions.v2.OperationMetadata","createTime":"2023-12-15T00:29:05.171043122Z","target":"projects/videoai-1/locations/us-central1/functions/submitGeneration","verb":"update","cancelRequested":false,"apiVersion":"v2","requestResource":{"@type":"type.googleapis.com/google.cloud.functions.v2.Function","name":"projects/videoai-1/locations/us-central1/functions/submitGeneration","buildConfig":{"runtime":"nodejs18","entryPoint":"submitGeneration","source":{"storageSource":{"bucket":"gcf-v2-sources-329236993600-us-central1","object":"submitGeneration/function-source.zip","generation":"1702600145118645"}},"environmentVariables":{"GOOGLE_NODE_RUN_SCRIPTS":""},"sourceProvenance":{"resolvedStorageSource":{"bucket":"gcf-v2-sources-329236993600-us-central1","object":"submitGeneration/function-source.zip","generation":"1702331209129142"}},"dockerRegistry":"ARTIFACT_REGISTRY"},"serviceConfig":{"service":"projects/videoai-1/locations/us-central1/services/submitgeneration","timeoutSeconds":60,"environmentVariables":{"FIREBASE_CONFIG":"{\"projectId\":\"videoai-1\",\"storageBucket\":\"videoai-1.appspot.com\",\"locationId\":\"us-central\"}","GCLOUD_PROJECT":"videoai-1","EVENTARC_CLOUD_EVENT_SOURCE":"projects/videoai-1/locations/us-central1/services/submitGeneration","FUNCTION_SIGNATURE_TYPE":"cloudevent","FUNCTION_TARGET":"submitGeneration"},"maxInstanceCount":100,"ingressSettings":"ALLOW_ALL","uri":"https://submitgeneration-j5kiq2vqqq-uc.a.run.app","serviceAccountEmail":"329236993600-compute@developer.gserviceaccount.com","availableMemory":"256Mi","allTrafficOnLatestRevision":true,"secretEnvironmentVariables":[{"key":"REPLICATE_KEY","projectId":"videoai-1","secret":"REPLICATE_KEY","version":"1"}],"revision":"submitgeneration-00021-ruw","maxInstanceRequestConcurrency":80,"availableCpu":"1"},"eventTrigger":{"trigger":"projects/videoai-1/locations/us/triggers/submitgeneration-702404","triggerRegion":"us","eventType":"google.cloud.storage.object.v1.finalized","eventFilters":[{"attribute":"bucket","value":"videoai-1.appspot.com"}],"pubsubTopic":"projects/videoai-1/topics/eventarc-us-submitgeneration-702404-282","serviceAccountEmail":"329236993600-compute@developer.gserviceaccount.com","retryPolicy":"RETRY_POLICY_DO_NOT_RETRY"},"state":"ACTIVE","labels":{"deployment-tool":"cli-firebase","firebase-functions-hash":"c43d15714b2ed42739db22141e02130766263217"},"environment":"GEN_2","url":"https://us-central1-videoai-1.cloudfunctions.net/submitGeneration"},"stages":[{"name":"BUILD","message":"Build in progress","state":"IN_PROGRESS","resource":"projects/329236993600/locations/us-central1/builds/d6d90649-279d-45c6-aa44-d29b921a0387","resourceUri":"https://console.cloud.google.com/cloud-build/builds;region=us-central1/d6d90649-279d-45c6-aa44-d29b921a0387?project=329236993600"},{"name":"SERVICE","state":"NOT_STARTED"},{"name":"TRIGGER","state":"NOT_STARTED"}],"operationType":"UPDATE_FUNCTION"},"done":false}
[debug] [2023-12-15T00:29:20.351Z] [update-default-us-central1-onUserCreated] Retrying task index 0
[debug] [2023-12-15T00:29:20.352Z] >>> [apiv2][query] GET https://cloudfunctions.googleapis.com/v1/operations/dmlkZW9haS0xL3VzLWNlbnRyYWwxL29uVXNlckNyZWF0ZWQvczBTRHczLUswUEU [none]
[debug] [2023-12-15T00:29:20.764Z] <<< [apiv2][status] GET https://cloudfunctions.googleapis.com/v1/operations/dmlkZW9haS0xL3VzLWNlbnRyYWwxL29uVXNlckNyZWF0ZWQvczBTRHczLUswUEU 200
[debug] [2023-12-15T00:29:20.765Z] <<< [apiv2][body] GET https://cloudfunctions.googleapis.com/v1/operations/dmlkZW9haS0xL3VzLWNlbnRyYWwxL29uVXNlckNyZWF0ZWQvczBTRHczLUswUEU {"name":"operations/dmlkZW9haS0xL3VzLWNlbnRyYWwxL29uVXNlckNyZWF0ZWQvczBTRHczLUswUEU","metadata":{"@type":"type.googleapis.com/google.cloud.functions.v1.OperationMetadataV1","target":"projects/videoai-1/locations/us-central1/functions/onUserCreated","type":"UPDATE_FUNCTION","request":{"@type":"type.googleapis.com/google.cloud.functions.v1.CloudFunction","name":"projects/videoai-1/locations/us-central1/functions/onUserCreated","eventTrigger":{"eventType":"providers/firebase.auth/eventTypes/user.create","resource":"projects/videoai-1","service":"firebaseauth.googleapis.com"},"status":"ACTIVE","entryPoint":"onUserCreated","updateTime":"2023-12-11T21:47:43.916Z","versionId":"20","labels":{"deployment-tool":"cli-firebase","firebase-functions-hash":"52fd18a7fe0d81035faefe3ca69b8885e0bbdc37"},"sourceUploadUrl":"https://storage.googleapis.com/uploads-497783129841.us-central1.cloudfunctions.appspot.com/6b639427-dbf0-4852-be5d-93a4b3f8ef71.zip?GoogleAccessId=service-329236993600@gcf-admin-robot.iam.gserviceaccount.com&Expires=1702601942&Signature=dfFAeIjLWvJzcGphERFsYvdK9uSmqUd%2FzsH9Uwa2Yzr9NMC6%2BEsO7jROwThpIbuV1Dx4K9jzfzoFnqS6doB8YfxZdlKBF9opZi6QXkJHbNWDHsQd9%2B1ghLcTeAtQKhzwb004ztYURJHgzX5tw77vpfz6%2FHB2So07KVkIvwJpjiyHZbpOQiz6y321HuZ8hZAfSH2HYQOHMkCLyNhPgVdSI%2BJV0Pmy6uISDsW%2FIQEmKKf8n8v1jw0OdAOgoJnPUPquthIs21G1B0RdVS5m9Drc1E%2FanJtrC2MJSbNNGkfdTfSbCaYG5Uihihgg6dANvpm8k6Jjpp9EWdDUounDMil%2FkQ%3D%3D","environmentVariables":{"FIREBASE_CONFIG":"{\"projectId\":\"videoai-1\",\"storageBucket\":\"videoai-1.appspot.com\",\"locationId\":\"us-central\"}","GCLOUD_PROJECT":"videoai-1","EVENTARC_CLOUD_EVENT_SOURCE":"projects/videoai-1/locations/us-central1/functions/onUserCreated"},"runtime":"nodejs18","buildId":"e32eff91-1d43-436f-821a-5e31cdaa4d3f","buildEnvironmentVariables":{"GOOGLE_NODE_RUN_SCRIPTS":""},"buildName":"projects/329236993600/locations/us-central1/builds/e32eff91-1d43-436f-821a-5e31cdaa4d3f","dockerRegistry":"ARTIFACT_REGISTRY","automaticUpdatePolicy":{}},"versionId":"21","updateTime":"2023-12-15T00:29:04Z","buildId":"60f556e3-5955-4432-a4a8-68a90e5a0b8b","buildName":"projects/329236993600/locations/us-central1/builds/60f556e3-5955-4432-a4a8-68a90e5a0b8b"}}
[debug] [2023-12-15T00:29:21.992Z] [update-default-us-central1-submitGeneration] Retrying task index 0
[debug] [2023-12-15T00:29:21.993Z] >>> [apiv2][query] GET https://cloudfunctions.googleapis.com/v2/projects/videoai-1/locations/us-central1/operations/operation-1702600143724-60c817cc2deca-cc5866dc-4e816720 [none]
[debug] [2023-12-15T00:29:22.217Z] <<< [apiv2][status] GET https://cloudfunctions.googleapis.com/v2/projects/videoai-1/locations/us-central1/operations/operation-1702600143724-60c817cc2deca-cc5866dc-4e816720 200
[debug] [2023-12-15T00:29:22.218Z] <<< [apiv2][body] GET https://cloudfunctions.googleapis.com/v2/projects/videoai-1/locations/us-central1/operations/operation-1702600143724-60c817cc2deca-cc5866dc-4e816720 {"name":"projects/videoai-1/locations/us-central1/operations/operation-1702600143724-60c817cc2deca-cc5866dc-4e816720","metadata":{"@type":"type.googleapis.com/google.cloud.functions.v2.OperationMetadata","createTime":"2023-12-15T00:29:05.171043122Z","target":"projects/videoai-1/locations/us-central1/functions/submitGeneration","verb":"update","cancelRequested":false,"apiVersion":"v2","requestResource":{"@type":"type.googleapis.com/google.cloud.functions.v2.Function","name":"projects/videoai-1/locations/us-central1/functions/submitGeneration","buildConfig":{"runtime":"nodejs18","entryPoint":"submitGeneration","source":{"storageSource":{"bucket":"gcf-v2-sources-329236993600-us-central1","object":"submitGeneration/function-source.zip","generation":"1702600145118645"}},"environmentVariables":{"GOOGLE_NODE_RUN_SCRIPTS":""},"sourceProvenance":{"resolvedStorageSource":{"bucket":"gcf-v2-sources-329236993600-us-central1","object":"submitGeneration/function-source.zip","generation":"1702331209129142"}},"dockerRegistry":"ARTIFACT_REGISTRY"},"serviceConfig":{"service":"projects/videoai-1/locations/us-central1/services/submitgeneration","timeoutSeconds":60,"environmentVariables":{"FIREBASE_CONFIG":"{\"projectId\":\"videoai-1\",\"storageBucket\":\"videoai-1.appspot.com\",\"locationId\":\"us-central\"}","GCLOUD_PROJECT":"videoai-1","EVENTARC_CLOUD_EVENT_SOURCE":"projects/videoai-1/locations/us-central1/services/submitGeneration","FUNCTION_SIGNATURE_TYPE":"cloudevent","FUNCTION_TARGET":"submitGeneration"},"maxInstanceCount":100,"ingressSettings":"ALLOW_ALL","uri":"https://submitgeneration-j5kiq2vqqq-uc.a.run.app","serviceAccountEmail":"329236993600-compute@developer.gserviceaccount.com","availableMemory":"256Mi","allTrafficOnLatestRevision":true,"secretEnvironmentVariables":[{"key":"REPLICATE_KEY","projectId":"videoai-1","secret":"REPLICATE_KEY","version":"1"}],"revision":"submitgeneration-00021-ruw","maxInstanceRequestConcurrency":80,"availableCpu":"1"},"eventTrigger":{"trigger":"projects/videoai-1/locations/us/triggers/submitgeneration-702404","triggerRegion":"us","eventType":"google.cloud.storage.object.v1.finalized","eventFilters":[{"attribute":"bucket","value":"videoai-1.appspot.com"}],"pubsubTopic":"projects/videoai-1/topics/eventarc-us-submitgeneration-702404-282","serviceAccountEmail":"329236993600-compute@developer.gserviceaccount.com","retryPolicy":"RETRY_POLICY_DO_NOT_RETRY"},"state":"ACTIVE","labels":{"deployment-tool":"cli-firebase","firebase-functions-hash":"c43d15714b2ed42739db22141e02130766263217"},"environment":"GEN_2","url":"https://us-central1-videoai-1.cloudfunctions.net/submitGeneration"},"stages":[{"name":"BUILD","message":"Build in progress","state":"IN_PROGRESS","resource":"projects/329236993600/locations/us-central1/builds/d6d90649-279d-45c6-aa44-d29b921a0387","resourceUri":"https://console.cloud.google.com/cloud-build/builds;region=us-central1/d6d90649-279d-45c6-aa44-d29b921a0387?project=329236993600"},{"name":"SERVICE","state":"NOT_STARTED"},{"name":"TRIGGER","state":"NOT_STARTED"}],"operationType":"UPDATE_FUNCTION"},"done":false}
[debug] [2023-12-15T00:29:30.766Z] [update-default-us-central1-onUserCreated] Retrying task index 0
[debug] [2023-12-15T00:29:30.766Z] >>> [apiv2][query] GET https://cloudfunctions.googleapis.com/v1/operations/dmlkZW9haS0xL3VzLWNlbnRyYWwxL29uVXNlckNyZWF0ZWQvczBTRHczLUswUEU [none]
[debug] [2023-12-15T00:29:31.018Z] <<< [apiv2][status] GET https://cloudfunctions.googleapis.com/v1/operations/dmlkZW9haS0xL3VzLWNlbnRyYWwxL29uVXNlckNyZWF0ZWQvczBTRHczLUswUEU 200
[debug] [2023-12-15T00:29:31.018Z] <<< [apiv2][body] GET https://cloudfunctions.googleapis.com/v1/operations/dmlkZW9haS0xL3VzLWNlbnRyYWwxL29uVXNlckNyZWF0ZWQvczBTRHczLUswUEU {"name":"operations/dmlkZW9haS0xL3VzLWNlbnRyYWwxL29uVXNlckNyZWF0ZWQvczBTRHczLUswUEU","metadata":{"@type":"type.googleapis.com/google.cloud.functions.v1.OperationMetadataV1","target":"projects/videoai-1/locations/us-central1/functions/onUserCreated","type":"UPDATE_FUNCTION","request":{"@type":"type.googleapis.com/google.cloud.functions.v1.CloudFunction","name":"projects/videoai-1/locations/us-central1/functions/onUserCreated","eventTrigger":{"eventType":"providers/firebase.auth/eventTypes/user.create","resource":"projects/videoai-1","service":"firebaseauth.googleapis.com"},"status":"ACTIVE","entryPoint":"onUserCreated","updateTime":"2023-12-11T21:47:43.916Z","versionId":"20","labels":{"deployment-tool":"cli-firebase","firebase-functions-hash":"52fd18a7fe0d81035faefe3ca69b8885e0bbdc37"},"sourceUploadUrl":"https://storage.googleapis.com/uploads-497783129841.us-central1.cloudfunctions.appspot.com/6b639427-dbf0-4852-be5d-93a4b3f8ef71.zip?GoogleAccessId=service-329236993600@gcf-admin-robot.iam.gserviceaccount.com&Expires=1702601942&Signature=dfFAeIjLWvJzcGphERFsYvdK9uSmqUd%2FzsH9Uwa2Yzr9NMC6%2BEsO7jROwThpIbuV1Dx4K9jzfzoFnqS6doB8YfxZdlKBF9opZi6QXkJHbNWDHsQd9%2B1ghLcTeAtQKhzwb004ztYURJHgzX5tw77vpfz6%2FHB2So07KVkIvwJpjiyHZbpOQiz6y321HuZ8hZAfSH2HYQOHMkCLyNhPgVdSI%2BJV0Pmy6uISDsW%2FIQEmKKf8n8v1jw0OdAOgoJnPUPquthIs21G1B0RdVS5m9Drc1E%2FanJtrC2MJSbNNGkfdTfSbCaYG5Uihihgg6dANvpm8k6Jjpp9EWdDUounDMil%2FkQ%3D%3D","environmentVariables":{"FIREBASE_CONFIG":"{\"projectId\":\"videoai-1\",\"storageBucket\":\"videoai-1.appspot.com\",\"locationId\":\"us-central\"}","GCLOUD_PROJECT":"videoai-1","EVENTARC_CLOUD_EVENT_SOURCE":"projects/videoai-1/locations/us-central1/functions/onUserCreated"},"runtime":"nodejs18","buildId":"e32eff91-1d43-436f-821a-5e31cdaa4d3f","buildEnvironmentVariables":{"GOOGLE_NODE_RUN_SCRIPTS":""},"buildName":"projects/329236993600/locations/us-central1/builds/e32eff91-1d43-436f-821a-5e31cdaa4d3f","dockerRegistry":"ARTIFACT_REGISTRY","automaticUpdatePolicy":{}},"versionId":"21","updateTime":"2023-12-15T00:29:04Z","buildId":"60f556e3-5955-4432-a4a8-68a90e5a0b8b","buildName":"projects/329236993600/locations/us-central1/builds/60f556e3-5955-4432-a4a8-68a90e5a0b8b"}}
